# JRE version: OpenJDK Runtime Environment Temurin-21.0.9+10 (21.0.9+10) (build 21.0.9+10-LTS)
# Java VM: OpenJDK 64-Bit Server VM Temurin-21.0.9+10 (21.0.9+10-LTS, mixed mode, sharing, tiered, compressed oops, compressed class ptrs, parallel gc, windows-amd64)
GC Precious Log:
 CardTable entry size: 512
 CPUs: 8 total, 8 available
 Memory: 16161M
 Large Page Support: Disabled
 NUMA Support: Disabled
 Compressed Oops: Enabled (32-bit)
 Alignments: Space 512K, Generation 512K, Heap 2M
 Heap Min Capacity: 100M
 Heap Initial Capacity: 100M
 Heap Max Capacity: 2G
 Pre-touch: Disabled
 Parallel Workers: 8
Heap:
 PSYoungGen      total 19456K, used 9848K [0x00000000d5580000, 0x00000000d6a80000, 0x0000000100000000)
  eden space 18944K, 50% used [0x00000000d5580000,0x00000000d5ee6140,0x00000000d6800000)
  from space 512K, 43% used [0x00000000d6980000,0x00000000d69b8000,0x00000000d6a00000)
  to   space 512K, 0% used [0x00000000d6a00000,0x00000000d6a00000,0x00000000d6a80000)
 ParOldGen       total 71168K, used 70931K [0x0000000080000000, 0x0000000084580000, 0x00000000d5580000)
  object space 71168K, 99% used [0x0000000080000000,0x0000000084544c50,0x0000000084580000)
 Metaspace       used 55969K, committed 57344K, reserved 1114112K
  class space    used 5914K, committed 6528K, reserved 1048576K
GC Heap History (20 events):
Event: 964.168 GC heap before
{Heap before GC invocations=58 (full 2):
 PSYoungGen      total 19456K, used 19200K [0x00000000d5580000, 0x00000000d6a80000, 0x0000000100000000)
  eden space 18944K, 100% used [0x00000000d5580000,0x00000000d6800000,0x00000000d6800000)
  from space 512K, 50% used [0x00000000d6980000,0x00000000d69c0000,0x00000000d6a00000)
  to   space 512K, 0% used [0x00000000d6a00000,0x00000000d6a00000,0x00000000d6a80000)
 ParOldGen       total 70656K, used 70227K [0x0000000080000000, 0x0000000084500000, 0x00000000d5580000)
  object space 70656K, 99% used [0x0000000080000000,0x0000000084494c50,0x0000000084500000)
 Metaspace       used 55173K, committed 56640K, reserved 1114112K
  class space    used 5877K, committed 6464K, reserved 1048576K
}
Event: 964.169 GC heap after
{Heap after GC invocations=58 (full 2):
 PSYoungGen      total 19456K, used 256K [0x00000000d5580000, 0x00000000d6a80000, 0x0000000100000000)
  eden space 18944K, 0% used [0x00000000d5580000,0x00000000d5580000,0x00000000d6800000)
  from space 512K, 50% used [0x00000000d6a00000,0x00000000d6a40000,0x00000000d6a80000)
  to   space 512K, 0% used [0x00000000d6980000,0x00000000d6980000,0x00000000d6a00000)
 ParOldGen       total 70656K, used 70291K [0x0000000080000000, 0x0000000084500000, 0x00000000d5580000)
  object space 70656K, 99% used [0x0000000080000000,0x00000000844a4c50,0x0000000084500000)
 Metaspace       used 55173K, committed 56640K, reserved 1114112K
  class space    used 5877K, committed 6464K, reserved 1048576K
}
Event: 1115.783 GC heap before
{Heap before GC invocations=59 (full 2):
 PSYoungGen      total 19456K, used 19200K [0x00000000d5580000, 0x00000000d6a80000, 0x0000000100000000)
  eden space 18944K, 100% used [0x00000000d5580000,0x00000000d6800000,0x00000000d6800000)
  from space 512K, 50% used [0x00000000d6a00000,0x00000000d6a40000,0x00000000d6a80000)
  to   space 512K, 0% used [0x00000000d6980000,0x00000000d6980000,0x00000000d6a00000)
 ParOldGen       total 70656K, used 70291K [0x0000000080000000, 0x0000000084500000, 0x00000000d5580000)
  object space 70656K, 99% used [0x0000000080000000,0x00000000844a4c50,0x0000000084500000)
 Metaspace       used 55264K, committed 56704K, reserved 1114112K
  class space    used 5877K, committed 6464K, reserved 1048576K
}
Event: 1115.784 GC heap after
{Heap after GC invocations=59 (full 2):
 PSYoungGen      total 19456K, used 256K [0x00000000d5580000, 0x00000000d6a80000, 0x0000000100000000)
  eden space 18944K, 0% used [0x00000000d5580000,0x00000000d5580000,0x00000000d6800000)
  from space 512K, 50% used [0x00000000d6980000,0x00000000d69c0000,0x00000000d6a00000)
  to   space 512K, 0% used [0x00000000d6a00000,0x00000000d6a00000,0x00000000d6a80000)
 ParOldGen       total 70656K, used 70355K [0x0000000080000000, 0x0000000084500000, 0x00000000d5580000)
  object space 70656K, 99% used [0x0000000080000000,0x00000000844b4c50,0x0000000084500000)
 Metaspace       used 55264K, committed 56704K, reserved 1114112K
  class space    used 5877K, committed 6464K, reserved 1048576K
}
Event: 1223.343 GC heap before
{Heap before GC invocations=60 (full 2):
 PSYoungGen      total 19456K, used 19200K [0x00000000d5580000, 0x00000000d6a80000, 0x0000000100000000)
  eden space 18944K, 100% used [0x00000000d5580000,0x00000000d6800000,0x00000000d6800000)
  from space 512K, 50% used [0x00000000d6980000,0x00000000d69c0000,0x00000000d6a00000)
  to   space 512K, 0% used [0x00000000d6a00000,0x00000000d6a00000,0x00000000d6a80000)
 ParOldGen       total 70656K, used 70355K [0x0000000080000000, 0x0000000084500000, 0x00000000d5580000)
  object space 70656K, 99% used [0x0000000080000000,0x00000000844b4c50,0x0000000084500000)
 Metaspace       used 55629K, committed 57024K, reserved 1114112K
  class space    used 5908K, committed 6528K, reserved 1048576K
}
Event: 1223.344 GC heap after
{Heap after GC invocations=60 (full 2):
 PSYoungGen      total 19456K, used 320K [0x00000000d5580000, 0x00000000d6a80000, 0x0000000100000000)
  eden space 18944K, 0% used [0x00000000d5580000,0x00000000d5580000,0x00000000d6800000)
  from space 512K, 62% used [0x00000000d6a00000,0x00000000d6a50000,0x00000000d6a80000)
  to   space 512K, 0% used [0x00000000d6980000,0x00000000d6980000,0x00000000d6a00000)
 ParOldGen       total 70656K, used 70411K [0x0000000080000000, 0x0000000084500000, 0x00000000d5580000)
  object space 70656K, 99% used [0x0000000080000000,0x00000000844c2c50,0x0000000084500000)
 Metaspace       used 55629K, committed 57024K, reserved 1114112K
  class space    used 5908K, committed 6528K, reserved 1048576K
}
Event: 1406.885 GC heap before
{Heap before GC invocations=61 (full 2):
 PSYoungGen      total 19456K, used 19264K [0x00000000d5580000, 0x00000000d6a80000, 0x0000000100000000)
  eden space 18944K, 100% used [0x00000000d5580000,0x00000000d6800000,0x00000000d6800000)
  from space 512K, 62% used [0x00000000d6a00000,0x00000000d6a50000,0x00000000d6a80000)
  to   space 512K, 0% used [0x00000000d6980000,0x00000000d6980000,0x00000000d6a00000)
 ParOldGen       total 70656K, used 70411K [0x0000000080000000, 0x0000000084500000, 0x00000000d5580000)
  object space 70656K, 99% used [0x0000000080000000,0x00000000844c2c50,0x0000000084500000)
 Metaspace       used 55662K, committed 57088K, reserved 1114112K
  class space    used 5908K, committed 6528K, reserved 1048576K
}
Event: 1406.886 GC heap after
{Heap after GC invocations=61 (full 2):
 PSYoungGen      total 19456K, used 256K [0x00000000d5580000, 0x00000000d6a80000, 0x0000000100000000)
  eden space 18944K, 0% used [0x00000000d5580000,0x00000000d5580000,0x00000000d6800000)
  from space 512K, 50% used [0x00000000d6980000,0x00000000d69c0000,0x00000000d6a00000)
  to   space 512K, 0% used [0x00000000d6a00000,0x00000000d6a00000,0x00000000d6a80000)
 ParOldGen       total 70656K, used 70571K [0x0000000080000000, 0x0000000084500000, 0x00000000d5580000)
  object space 70656K, 99% used [0x0000000080000000,0x00000000844eac50,0x0000000084500000)
 Metaspace       used 55662K, committed 57088K, reserved 1114112K
  class space    used 5908K, committed 6528K, reserved 1048576K
}
Event: 1445.757 GC heap before
{Heap before GC invocations=62 (full 2):
 PSYoungGen      total 19456K, used 19200K [0x00000000d5580000, 0x00000000d6a80000, 0x0000000100000000)
  eden space 18944K, 100% used [0x00000000d5580000,0x00000000d6800000,0x00000000d6800000)
  from space 512K, 50% used [0x00000000d6980000,0x00000000d69c0000,0x00000000d6a00000)
  to   space 512K, 0% used [0x00000000d6a00000,0x00000000d6a00000,0x00000000d6a80000)
 ParOldGen       total 70656K, used 70571K [0x0000000080000000, 0x0000000084500000, 0x00000000d5580000)
  object space 70656K, 99% used [0x0000000080000000,0x00000000844eac50,0x0000000084500000)
 Metaspace       used 55688K, committed 57152K, reserved 1114112K
  class space    used 5910K, committed 6528K, reserved 1048576K
}
Event: 1445.758 GC heap after
{Heap after GC invocations=62 (full 2):
 PSYoungGen      total 19456K, used 256K [0x00000000d5580000, 0x00000000d6a80000, 0x0000000100000000)
  eden space 18944K, 0% used [0x00000000d5580000,0x00000000d5580000,0x00000000d6800000)
  from space 512K, 50% used [0x00000000d6a00000,0x00000000d6a40000,0x00000000d6a80000)
  to   space 512K, 0% used [0x00000000d6980000,0x00000000d6980000,0x00000000d6a00000)
 ParOldGen       total 70656K, used 70635K [0x0000000080000000, 0x0000000084500000, 0x00000000d5580000)
  object space 70656K, 99% used [0x0000000080000000,0x00000000844fac50,0x0000000084500000)
 Metaspace       used 55688K, committed 57152K, reserved 1114112K
  class space    used 5910K, committed 6528K, reserved 1048576K
}
Event: 1522.536 GC heap before
{Heap before GC invocations=63 (full 2):
 PSYoungGen      total 19456K, used 19200K [0x00000000d5580000, 0x00000000d6a80000, 0x0000000100000000)
  eden space 18944K, 100% used [0x00000000d5580000,0x00000000d6800000,0x00000000d6800000)
  from space 512K, 50% used [0x00000000d6a00000,0x00000000d6a40000,0x00000000d6a80000)
  to   space 512K, 0% used [0x00000000d6980000,0x00000000d6980000,0x00000000d6a00000)
 ParOldGen       total 70656K, used 70635K [0x0000000080000000, 0x0000000084500000, 0x00000000d5580000)
  object space 70656K, 99% used [0x0000000080000000,0x00000000844fac50,0x0000000084500000)
 Metaspace       used 55750K, committed 57216K, reserved 1114112K
  class space    used 5911K, committed 6528K, reserved 1048576K
}
Event: 1522.537 GC heap after
{Heap after GC invocations=63 (full 2):
 PSYoungGen      total 19456K, used 224K [0x00000000d5580000, 0x00000000d6a80000, 0x0000000100000000)
  eden space 18944K, 0% used [0x00000000d5580000,0x00000000d5580000,0x00000000d6800000)
  from space 512K, 43% used [0x00000000d6980000,0x00000000d69b8000,0x00000000d6a00000)
  to   space 512K, 0% used [0x00000000d6a00000,0x00000000d6a00000,0x00000000d6a80000)
 ParOldGen       total 71168K, used 70675K [0x0000000080000000, 0x0000000084580000, 0x00000000d5580000)
  object space 71168K, 99% used [0x0000000080000000,0x0000000084504c50,0x0000000084580000)
 Metaspace       used 55750K, committed 57216K, reserved 1114112K
  class space    used 5911K, committed 6528K, reserved 1048576K
}
Event: 1580.078 GC heap before
{Heap before GC invocations=64 (full 2):
 PSYoungGen      total 19456K, used 19168K [0x00000000d5580000, 0x00000000d6a80000, 0x0000000100000000)
  eden space 18944K, 100% used [0x00000000d5580000,0x00000000d6800000,0x00000000d6800000)
  from space 512K, 43% used [0x00000000d6980000,0x00000000d69b8000,0x00000000d6a00000)
  to   space 512K, 0% used [0x00000000d6a00000,0x00000000d6a00000,0x00000000d6a80000)
 ParOldGen       total 71168K, used 70675K [0x0000000080000000, 0x0000000084580000, 0x00000000d5580000)
  object space 71168K, 99% used [0x0000000080000000,0x0000000084504c50,0x0000000084580000)
 Metaspace       used 55775K, committed 57216K, reserved 1114112K
  class space    used 5911K, committed 6528K, reserved 1048576K
}
Event: 1580.079 GC heap after
{Heap after GC invocations=64 (full 2):
 PSYoungGen      total 19456K, used 256K [0x00000000d5580000, 0x00000000d6a80000, 0x0000000100000000)
  eden space 18944K, 0% used [0x00000000d5580000,0x00000000d5580000,0x00000000d6800000)
  from space 512K, 50% used [0x00000000d6a00000,0x00000000d6a40000,0x00000000d6a80000)
  to   space 512K, 0% used [0x00000000d6980000,0x00000000d6980000,0x00000000d6a00000)
 ParOldGen       total 71168K, used 70739K [0x0000000080000000, 0x0000000084580000, 0x00000000d5580000)
  object space 71168K, 99% used [0x0000000080000000,0x0000000084514c50,0x0000000084580000)
 Metaspace       used 55775K, committed 57216K, reserved 1114112K
  class space    used 5911K, committed 6528K, reserved 1048576K
}
Event: 1755.697 GC heap before
{Heap before GC invocations=65 (full 2):
 PSYoungGen      total 19456K, used 19200K [0x00000000d5580000, 0x00000000d6a80000, 0x0000000100000000)
  eden space 18944K, 100% used [0x00000000d5580000,0x00000000d6800000,0x00000000d6800000)
  from space 512K, 50% used [0x00000000d6a00000,0x00000000d6a40000,0x00000000d6a80000)
  to   space 512K, 0% used [0x00000000d6980000,0x00000000d6980000,0x00000000d6a00000)
 ParOldGen       total 71168K, used 70739K [0x0000000080000000, 0x0000000084580000, 0x00000000d5580000)
  object space 71168K, 99% used [0x0000000080000000,0x0000000084514c50,0x0000000084580000)
 Metaspace       used 55875K, committed 57280K, reserved 1114112K
  class space    used 5914K, committed 6528K, reserved 1048576K
}
Event: 1755.698 GC heap after
{Heap after GC invocations=65 (full 2):
 PSYoungGen      total 19456K, used 256K [0x00000000d5580000, 0x00000000d6a80000, 0x0000000100000000)
  eden space 18944K, 0% used [0x00000000d5580000,0x00000000d5580000,0x00000000d6800000)
  from space 512K, 50% used [0x00000000d6980000,0x00000000d69c0000,0x00000000d6a00000)
  to   space 512K, 0% used [0x00000000d6a00000,0x00000000d6a00000,0x00000000d6a80000)
 ParOldGen       total 71168K, used 70771K [0x0000000080000000, 0x0000000084580000, 0x00000000d5580000)
  object space 71168K, 99% used [0x0000000080000000,0x000000008451cc50,0x0000000084580000)
 Metaspace       used 55875K, committed 57280K, reserved 1114112K
  class space    used 5914K, committed 6528K, reserved 1048576K
}
Event: 1909.021 GC heap before
{Heap before GC invocations=66 (full 2):
 PSYoungGen      total 19456K, used 19200K [0x00000000d5580000, 0x00000000d6a80000, 0x0000000100000000)
  eden space 18944K, 100% used [0x00000000d5580000,0x00000000d6800000,0x00000000d6800000)
  from space 512K, 50% used [0x00000000d6980000,0x00000000d69c0000,0x00000000d6a00000)
  to   space 512K, 0% used [0x00000000d6a00000,0x00000000d6a00000,0x00000000d6a80000)
 ParOldGen       total 71168K, used 70771K [0x0000000080000000, 0x0000000084580000, 0x00000000d5580000)
  object space 71168K, 99% used [0x0000000080000000,0x000000008451cc50,0x0000000084580000)
 Metaspace       used 55928K, committed 57344K, reserved 1114112K
  class space    used 5914K, committed 6528K, reserved 1048576K
}
Event: 1909.022 GC heap after
{Heap after GC invocations=66 (full 2):
 PSYoungGen      total 19456K, used 288K [0x00000000d5580000, 0x00000000d6a80000, 0x0000000100000000)
  eden space 18944K, 0% used [0x00000000d5580000,0x00000000d5580000,0x00000000d6800000)
  from space 512K, 56% used [0x00000000d6a00000,0x00000000d6a48000,0x00000000d6a80000)
  to   space 512K, 0% used [0x00000000d6980000,0x00000000d6980000,0x00000000d6a00000)
 ParOldGen       total 71168K, used 70859K [0x0000000080000000, 0x0000000084580000, 0x00000000d5580000)
  object space 71168K, 99% used [0x0000000080000000,0x0000000084532c50,0x0000000084580000)
 Metaspace       used 55928K, committed 57344K, reserved 1114112K
  class space    used 5914K, committed 6528K, reserved 1048576K
}
Event: 1946.774 GC heap before
{Heap before GC invocations=67 (full 2):
 PSYoungGen      total 19456K, used 19232K [0x00000000d5580000, 0x00000000d6a80000, 0x0000000100000000)
  eden space 18944K, 100% used [0x00000000d5580000,0x00000000d6800000,0x00000000d6800000)
  from space 512K, 56% used [0x00000000d6a00000,0x00000000d6a48000,0x00000000d6a80000)
  to   space 512K, 0% used [0x00000000d6980000,0x00000000d6980000,0x00000000d6a00000)
 ParOldGen       total 71168K, used 70859K [0x0000000080000000, 0x0000000084580000, 0x00000000d5580000)
  object space 71168K, 99% used [0x0000000080000000,0x0000000084532c50,0x0000000084580000)
 Metaspace       used 55956K, committed 57344K, reserved 1114112K
  class space    used 5914K, committed 6528K, reserved 1048576K
}
Event: 1946.775 GC heap after
{Heap after GC invocations=67 (full 2):
 PSYoungGen      total 19456K, used 224K [0x00000000d5580000, 0x00000000d6a80000, 0x0000000100000000)
  eden space 18944K, 0% used [0x00000000d5580000,0x00000000d5580000,0x00000000d6800000)
  from space 512K, 43% used [0x00000000d6980000,0x00000000d69b8000,0x00000000d6a00000)
  to   space 512K, 0% used [0x00000000d6a00000,0x00000000d6a00000,0x00000000d6a80000)
 ParOldGen       total 71168K, used 70931K [0x0000000080000000, 0x0000000084580000, 0x00000000d5580000)
  object space 71168K, 99% used [0x0000000080000000,0x0000000084544c50,0x0000000084580000)
 Metaspace       used 55956K, committed 57344K, reserved 1114112K
  class space    used 5914K, committed 6528K, reserved 1048576K
}

