# JRE version: OpenJDK Runtime Environment Temurin-21.0.9+10 (21.0.9+10) (build 21.0.9+10-LTS)
# Java VM: OpenJDK 64-Bit Server VM Temurin-21.0.9+10 (21.0.9+10-LTS, mixed mode, sharing, tiered, compressed oops, compressed class ptrs, parallel gc, windows-amd64)
GC Precious Log:
 CardTable entry size: 512
 CPUs: 8 total, 8 available
 Memory: 16161M
 Large Page Support: Disabled
 NUMA Support: Disabled
 Compressed Oops: Enabled (32-bit)
 Alignments: Space 512K, Generation 512K, Heap 2M
 Heap Min Capacity: 100M
 Heap Initial Capacity: 100M
 Heap Max Capacity: 2G
 Pre-touch: Disabled
 Parallel Workers: 8
Heap:
 PSYoungGen      total 5120K, used 4419K [0x00000000d5580000, 0x00000000d6380000, 0x0000000100000000)
  eden space 4096K, 95% used [0x00000000d5580000,0x00000000d5950ee8,0x00000000d5980000)
  from space 1024K, 50% used [0x00000000d6180000,0x00000000d6200000,0x00000000d6280000)
  to   space 1024K, 0% used [0x00000000d6280000,0x00000000d6280000,0x00000000d6380000)
 ParOldGen       total 68608K, used 61967K [0x0000000080000000, 0x0000000084300000, 0x00000000d5580000)
  object space 68608K, 90% used [0x0000000080000000,0x0000000083c83f00,0x0000000084300000)
 Metaspace       used 49109K, committed 50432K, reserved 1114112K
  class space    used 5326K, committed 5888K, reserved 1048576K
GC Heap History (20 events):
Event: 16.725 GC heap before
{Heap before GC invocations=54 (full 2):
 PSYoungGen      total 4608K, used 4576K [0x00000000d5580000, 0x00000000d6580000, 0x0000000100000000)
  eden space 4096K, 100% used [0x00000000d5580000,0x00000000d5980000,0x00000000d5980000)
  from space 512K, 93% used [0x00000000d6400000,0x00000000d6478000,0x00000000d6480000)
  to   space 1024K, 0% used [0x00000000d6480000,0x00000000d6480000,0x00000000d6580000)
 ParOldGen       total 68608K, used 56935K [0x0000000080000000, 0x0000000084300000, 0x00000000d5580000)
  object space 68608K, 82% used [0x0000000080000000,0x0000000083799f38,0x0000000084300000)
 Metaspace       used 49083K, committed 50368K, reserved 1114112K
  class space    used 5326K, committed 5888K, reserved 1048576K
}
Event: 16.727 GC heap after
{Heap after GC invocations=54 (full 2):
 PSYoungGen      total 4608K, used 512K [0x00000000d5580000, 0x00000000d6500000, 0x0000000100000000)
  eden space 4096K, 0% used [0x00000000d5580000,0x00000000d5580000,0x00000000d5980000)
  from space 512K, 100% used [0x00000000d6480000,0x00000000d6500000,0x00000000d6500000)
  to   space 1024K, 0% used [0x00000000d6300000,0x00000000d6300000,0x00000000d6400000)
 ParOldGen       total 68608K, used 57300K [0x0000000080000000, 0x0000000084300000, 0x00000000d5580000)
  object space 68608K, 83% used [0x0000000080000000,0x00000000837f5048,0x0000000084300000)
 Metaspace       used 49083K, committed 50368K, reserved 1114112K
  class space    used 5326K, committed 5888K, reserved 1048576K
}
Event: 16.738 GC heap before
{Heap before GC invocations=55 (full 2):
 PSYoungGen      total 4608K, used 4608K [0x00000000d5580000, 0x00000000d6500000, 0x0000000100000000)
  eden space 4096K, 100% used [0x00000000d5580000,0x00000000d5980000,0x00000000d5980000)
  from space 512K, 100% used [0x00000000d6480000,0x00000000d6500000,0x00000000d6500000)
  to   space 1024K, 0% used [0x00000000d6300000,0x00000000d6300000,0x00000000d6400000)
 ParOldGen       total 68608K, used 57300K [0x0000000080000000, 0x0000000084300000, 0x00000000d5580000)
  object space 68608K, 83% used [0x0000000080000000,0x00000000837f5048,0x0000000084300000)
 Metaspace       used 49083K, committed 50368K, reserved 1114112K
  class space    used 5326K, committed 5888K, reserved 1048576K
}
Event: 16.742 GC heap after
{Heap after GC invocations=55 (full 2):
 PSYoungGen      total 5120K, used 576K [0x00000000d5580000, 0x00000000d6500000, 0x0000000100000000)
  eden space 4096K, 0% used [0x00000000d5580000,0x00000000d5580000,0x00000000d5980000)
  from space 1024K, 56% used [0x00000000d6300000,0x00000000d6390010,0x00000000d6400000)
  to   space 1024K, 0% used [0x00000000d6400000,0x00000000d6400000,0x00000000d6500000)
 ParOldGen       total 68608K, used 57684K [0x0000000080000000, 0x0000000084300000, 0x00000000d5580000)
  object space 68608K, 84% used [0x0000000080000000,0x0000000083855048,0x0000000084300000)
 Metaspace       used 49083K, committed 50368K, reserved 1114112K
  class space    used 5326K, committed 5888K, reserved 1048576K
}
Event: 16.756 GC heap before
{Heap before GC invocations=56 (full 2):
 PSYoungGen      total 5120K, used 4672K [0x00000000d5580000, 0x00000000d6500000, 0x0000000100000000)
  eden space 4096K, 100% used [0x00000000d5580000,0x00000000d5980000,0x00000000d5980000)
  from space 1024K, 56% used [0x00000000d6300000,0x00000000d6390010,0x00000000d6400000)
  to   space 1024K, 0% used [0x00000000d6400000,0x00000000d6400000,0x00000000d6500000)
 ParOldGen       total 68608K, used 57684K [0x0000000080000000, 0x0000000084300000, 0x00000000d5580000)
  object space 68608K, 84% used [0x0000000080000000,0x0000000083855048,0x0000000084300000)
 Metaspace       used 49083K, committed 50368K, reserved 1114112K
  class space    used 5326K, committed 5888K, reserved 1048576K
}
Event: 16.758 GC heap after
{Heap after GC invocations=56 (full 2):
 PSYoungGen      total 4608K, used 480K [0x00000000d5580000, 0x00000000d6480000, 0x0000000100000000)
  eden space 4096K, 0% used [0x00000000d5580000,0x00000000d5580000,0x00000000d5980000)
  from space 512K, 93% used [0x00000000d6400000,0x00000000d6478000,0x00000000d6480000)
  to   space 1024K, 0% used [0x00000000d6280000,0x00000000d6280000,0x00000000d6380000)
 ParOldGen       total 68608K, used 58212K [0x0000000080000000, 0x0000000084300000, 0x00000000d5580000)
  object space 68608K, 84% used [0x0000000080000000,0x00000000838d9058,0x0000000084300000)
 Metaspace       used 49083K, committed 50368K, reserved 1114112K
  class space    used 5326K, committed 5888K, reserved 1048576K
}
Event: 16.769 GC heap before
{Heap before GC invocations=57 (full 2):
 PSYoungGen      total 4608K, used 4576K [0x00000000d5580000, 0x00000000d6480000, 0x0000000100000000)
  eden space 4096K, 100% used [0x00000000d5580000,0x00000000d5980000,0x00000000d5980000)
  from space 512K, 93% used [0x00000000d6400000,0x00000000d6478000,0x00000000d6480000)
  to   space 1024K, 0% used [0x00000000d6280000,0x00000000d6280000,0x00000000d6380000)
 ParOldGen       total 68608K, used 58212K [0x0000000080000000, 0x0000000084300000, 0x00000000d5580000)
  object space 68608K, 84% used [0x0000000080000000,0x00000000838d9058,0x0000000084300000)
 Metaspace       used 49083K, committed 50368K, reserved 1114112K
  class space    used 5326K, committed 5888K, reserved 1048576K
}
Event: 16.771 GC heap after
{Heap after GC invocations=57 (full 2):
 PSYoungGen      total 5120K, used 512K [0x00000000d5580000, 0x00000000d6480000, 0x0000000100000000)
  eden space 4096K, 0% used [0x00000000d5580000,0x00000000d5580000,0x00000000d5980000)
  from space 1024K, 50% used [0x00000000d6280000,0x00000000d6300000,0x00000000d6380000)
  to   space 1024K, 0% used [0x00000000d6380000,0x00000000d6380000,0x00000000d6480000)
 ParOldGen       total 68608K, used 58580K [0x0000000080000000, 0x0000000084300000, 0x00000000d5580000)
  object space 68608K, 85% used [0x0000000080000000,0x0000000083935058,0x0000000084300000)
 Metaspace       used 49083K, committed 50368K, reserved 1114112K
  class space    used 5326K, committed 5888K, reserved 1048576K
}
Event: 16.782 GC heap before
{Heap before GC invocations=58 (full 2):
 PSYoungGen      total 5120K, used 4608K [0x00000000d5580000, 0x00000000d6480000, 0x0000000100000000)
  eden space 4096K, 100% used [0x00000000d5580000,0x00000000d5980000,0x00000000d5980000)
  from space 1024K, 50% used [0x00000000d6280000,0x00000000d6300000,0x00000000d6380000)
  to   space 1024K, 0% used [0x00000000d6380000,0x00000000d6380000,0x00000000d6480000)
 ParOldGen       total 68608K, used 58580K [0x0000000080000000, 0x0000000084300000, 0x00000000d5580000)
  object space 68608K, 85% used [0x0000000080000000,0x0000000083935058,0x0000000084300000)
 Metaspace       used 49088K, committed 50368K, reserved 1114112K
  class space    used 5326K, committed 5888K, reserved 1048576K
}
Event: 16.784 GC heap after
{Heap after GC invocations=58 (full 2):
 PSYoungGen      total 4608K, used 512K [0x00000000d5580000, 0x00000000d6400000, 0x0000000100000000)
  eden space 4096K, 0% used [0x00000000d5580000,0x00000000d5580000,0x00000000d5980000)
  from space 512K, 100% used [0x00000000d6380000,0x00000000d6400000,0x00000000d6400000)
  to   space 1024K, 0% used [0x00000000d6200000,0x00000000d6200000,0x00000000d6300000)
 ParOldGen       total 68608K, used 58948K [0x0000000080000000, 0x0000000084300000, 0x00000000d5580000)
  object space 68608K, 85% used [0x0000000080000000,0x0000000083991058,0x0000000084300000)
 Metaspace       used 49088K, committed 50368K, reserved 1114112K
  class space    used 5326K, committed 5888K, reserved 1048576K
}
Event: 16.810 GC heap before
{Heap before GC invocations=59 (full 2):
 PSYoungGen      total 4608K, used 4608K [0x00000000d5580000, 0x00000000d6400000, 0x0000000100000000)
  eden space 4096K, 100% used [0x00000000d5580000,0x00000000d5980000,0x00000000d5980000)
  from space 512K, 100% used [0x00000000d6380000,0x00000000d6400000,0x00000000d6400000)
  to   space 1024K, 0% used [0x00000000d6200000,0x00000000d6200000,0x00000000d6300000)
 ParOldGen       total 68608K, used 58948K [0x0000000080000000, 0x0000000084300000, 0x00000000d5580000)
  object space 68608K, 85% used [0x0000000080000000,0x0000000083991058,0x0000000084300000)
 Metaspace       used 49098K, committed 50432K, reserved 1114112K
  class space    used 5326K, committed 5888K, reserved 1048576K
}
Event: 16.813 GC heap after
{Heap after GC invocations=59 (full 2):
 PSYoungGen      total 5120K, used 704K [0x00000000d5580000, 0x00000000d6400000, 0x0000000100000000)
  eden space 4096K, 0% used [0x00000000d5580000,0x00000000d5580000,0x00000000d5980000)
  from space 1024K, 68% used [0x00000000d6200000,0x00000000d62b0000,0x00000000d6300000)
  to   space 1024K, 0% used [0x00000000d6300000,0x00000000d6300000,0x00000000d6400000)
 ParOldGen       total 68608K, used 59340K [0x0000000080000000, 0x0000000084300000, 0x00000000d5580000)
  object space 68608K, 86% used [0x0000000080000000,0x00000000839f3058,0x0000000084300000)
 Metaspace       used 49098K, committed 50432K, reserved 1114112K
  class space    used 5326K, committed 5888K, reserved 1048576K
}
Event: 16.834 GC heap before
{Heap before GC invocations=60 (full 2):
 PSYoungGen      total 5120K, used 4800K [0x00000000d5580000, 0x00000000d6400000, 0x0000000100000000)
  eden space 4096K, 100% used [0x00000000d5580000,0x00000000d5980000,0x00000000d5980000)
  from space 1024K, 68% used [0x00000000d6200000,0x00000000d62b0000,0x00000000d6300000)
  to   space 1024K, 0% used [0x00000000d6300000,0x00000000d6300000,0x00000000d6400000)
 ParOldGen       total 68608K, used 59340K [0x0000000080000000, 0x0000000084300000, 0x00000000d5580000)
  object space 68608K, 86% used [0x0000000080000000,0x00000000839f3058,0x0000000084300000)
 Metaspace       used 49106K, committed 50432K, reserved 1114112K
  class space    used 5326K, committed 5888K, reserved 1048576K
}
Event: 16.838 GC heap after
{Heap after GC invocations=60 (full 2):
 PSYoungGen      total 4608K, used 512K [0x00000000d5580000, 0x00000000d6380000, 0x0000000100000000)
  eden space 4096K, 0% used [0x00000000d5580000,0x00000000d5580000,0x00000000d5980000)
  from space 512K, 100% used [0x00000000d6300000,0x00000000d6380000,0x00000000d6380000)
  to   space 1024K, 0% used [0x00000000d6180000,0x00000000d6180000,0x00000000d6280000)
 ParOldGen       total 68608K, used 59946K [0x0000000080000000, 0x0000000084300000, 0x00000000d5580000)
  object space 68608K, 87% used [0x0000000080000000,0x0000000083a8a8d8,0x0000000084300000)
 Metaspace       used 49106K, committed 50432K, reserved 1114112K
  class space    used 5326K, committed 5888K, reserved 1048576K
}
Event: 16.851 GC heap before
{Heap before GC invocations=61 (full 2):
 PSYoungGen      total 4608K, used 4608K [0x00000000d5580000, 0x00000000d6380000, 0x0000000100000000)
  eden space 4096K, 100% used [0x00000000d5580000,0x00000000d5980000,0x00000000d5980000)
  from space 512K, 100% used [0x00000000d6300000,0x00000000d6380000,0x00000000d6380000)
  to   space 1024K, 0% used [0x00000000d6180000,0x00000000d6180000,0x00000000d6280000)
 ParOldGen       total 68608K, used 59946K [0x0000000080000000, 0x0000000084300000, 0x00000000d5580000)
  object space 68608K, 87% used [0x0000000080000000,0x0000000083a8a8d8,0x0000000084300000)
 Metaspace       used 49106K, committed 50432K, reserved 1114112K
  class space    used 5326K, committed 5888K, reserved 1048576K
}
Event: 16.852 GC heap after
{Heap after GC invocations=61 (full 2):
 PSYoungGen      total 5120K, used 480K [0x00000000d5580000, 0x00000000d6380000, 0x0000000100000000)
  eden space 4096K, 0% used [0x00000000d5580000,0x00000000d5580000,0x00000000d5980000)
  from space 1024K, 46% used [0x00000000d6180000,0x00000000d61f8000,0x00000000d6280000)
  to   space 512K, 0% used [0x00000000d6300000,0x00000000d6300000,0x00000000d6380000)
 ParOldGen       total 68608K, used 60290K [0x0000000080000000, 0x0000000084300000, 0x00000000d5580000)
  object space 68608K, 87% used [0x0000000080000000,0x0000000083ae08d8,0x0000000084300000)
 Metaspace       used 49106K, committed 50432K, reserved 1114112K
  class space    used 5326K, committed 5888K, reserved 1048576K
}
Event: 16.865 GC heap before
{Heap before GC invocations=62 (full 2):
 PSYoungGen      total 5120K, used 4576K [0x00000000d5580000, 0x00000000d6380000, 0x0000000100000000)
  eden space 4096K, 100% used [0x00000000d5580000,0x00000000d5980000,0x00000000d5980000)
  from space 1024K, 46% used [0x00000000d6180000,0x00000000d61f8000,0x00000000d6280000)
  to   space 512K, 0% used [0x00000000d6300000,0x00000000d6300000,0x00000000d6380000)
 ParOldGen       total 68608K, used 60290K [0x0000000080000000, 0x0000000084300000, 0x00000000d5580000)
  object space 68608K, 87% used [0x0000000080000000,0x0000000083ae08d8,0x0000000084300000)
 Metaspace       used 49106K, committed 50432K, reserved 1114112K
  class space    used 5326K, committed 5888K, reserved 1048576K
}
Event: 16.866 GC heap after
{Heap after GC invocations=62 (full 2):
 PSYoungGen      total 4608K, used 416K [0x00000000d5580000, 0x00000000d6380000, 0x0000000100000000)
  eden space 4096K, 0% used [0x00000000d5580000,0x00000000d5580000,0x00000000d5980000)
  from space 512K, 81% used [0x00000000d6300000,0x00000000d6368000,0x00000000d6380000)
  to   space 512K, 0% used [0x00000000d6280000,0x00000000d6280000,0x00000000d6300000)
 ParOldGen       total 68608K, used 60610K [0x0000000080000000, 0x0000000084300000, 0x00000000d5580000)
  object space 68608K, 88% used [0x0000000080000000,0x0000000083b308d8,0x0000000084300000)
 Metaspace       used 49106K, committed 50432K, reserved 1114112K
  class space    used 5326K, committed 5888K, reserved 1048576K
}
Event: 16.887 GC heap before
{Heap before GC invocations=63 (full 2):
 PSYoungGen      total 4608K, used 4512K [0x00000000d5580000, 0x00000000d6380000, 0x0000000100000000)
  eden space 4096K, 100% used [0x00000000d5580000,0x00000000d5980000,0x00000000d5980000)
  from space 512K, 81% used [0x00000000d6300000,0x00000000d6368000,0x00000000d6380000)
  to   space 512K, 0% used [0x00000000d6280000,0x00000000d6280000,0x00000000d6300000)
 ParOldGen       total 68608K, used 60610K [0x0000000080000000, 0x0000000084300000, 0x00000000d5580000)
  object space 68608K, 88% used [0x0000000080000000,0x0000000083b308d8,0x0000000084300000)
 Metaspace       used 49106K, committed 50432K, reserved 1114112K
  class space    used 5326K, committed 5888K, reserved 1048576K
}
Event: 16.889 GC heap after
{Heap after GC invocations=63 (full 2):
 PSYoungGen      total 4608K, used 512K [0x00000000d5580000, 0x00000000d6380000, 0x0000000100000000)
  eden space 4096K, 0% used [0x00000000d5580000,0x00000000d5580000,0x00000000d5980000)
  from space 512K, 100% used [0x00000000d6280000,0x00000000d6300000,0x00000000d6300000)
  to   space 512K, 0% used [0x00000000d6300000,0x00000000d6300000,0x00000000d6380000)
 ParOldGen       total 68608K, used 61150K [0x0000000080000000, 0x0000000084300000, 0x00000000d5580000)
  object space 68608K, 89% used [0x0000000080000000,0x0000000083bb78d8,0x0000000084300000)
 Metaspace       used 49106K, committed 50432K, reserved 1114112K
  class space    used 5326K, committed 5888K, reserved 1048576K
}

