# JRE version: OpenJDK Runtime Environment Temurin-21.0.9+10 (21.0.9+10) (build 21.0.9+10-LTS)
# Java VM: OpenJDK 64-Bit Server VM Temurin-21.0.9+10 (21.0.9+10-LTS, mixed mode, sharing, tiered, compressed oops, compressed class ptrs, parallel gc, windows-amd64)
GC Precious Log:
 CardTable entry size: 512
 CPUs: 8 total, 8 available
 Memory: 16161M
 Large Page Support: Disabled
 NUMA Support: Disabled
 Compressed Oops: Enabled (32-bit)
 Alignments: Space 512K, Generation 512K, Heap 2M
 Heap Min Capacity: 100M
 Heap Initial Capacity: 100M
 Heap Max Capacity: 2G
 Pre-touch: Disabled
 Parallel Workers: 8
Heap:
 PSYoungGen      total 19456K, used 13091K [0x00000000d5580000, 0x00000000d7080000, 0x0000000100000000)
  eden space 13824K, 87% used [0x00000000d5580000,0x00000000d615cc18,0x00000000d6300000)
  from space 5632K, 16% used [0x00000000d6600000,0x00000000d66ec010,0x00000000d6b80000)
  to   space 2048K, 0% used [0x00000000d6e80000,0x00000000d6e80000,0x00000000d7080000)
 ParOldGen       total 68608K, used 48347K [0x0000000080000000, 0x0000000084300000, 0x00000000d5580000)
  object space 68608K, 70% used [0x0000000080000000,0x0000000082f36fb8,0x0000000084300000)
 Metaspace       used 46885K, committed 48192K, reserved 1114112K
  class space    used 5090K, committed 5632K, reserved 1048576K
GC Heap History (20 events):
Event: 8.290 GC heap before
{Heap before GC invocations=14 (full 1):
 PSYoungGen      total 24064K, used 15508K [0x00000000d5580000, 0x00000000d7200000, 0x0000000100000000)
  eden space 22528K, 62% used [0x00000000d5580000,0x00000000d635a5c0,0x00000000d6b80000)
  from space 1536K, 86% used [0x00000000d7080000,0x00000000d71cac20,0x00000000d7200000)
  to   space 2048K, 0% used [0x00000000d6e00000,0x00000000d6e00000,0x00000000d7000000)
 ParOldGen       total 68608K, used 21255K [0x0000000080000000, 0x0000000084300000, 0x00000000d5580000)
  object space 68608K, 30% used [0x0000000080000000,0x00000000814c1e30,0x0000000084300000)
 Metaspace       used 34641K, committed 35840K, reserved 1114112K
  class space    used 3569K, committed 4096K, reserved 1048576K
}
Event: 8.293 GC heap after
{Heap after GC invocations=14 (full 1):
 PSYoungGen      total 23552K, used 842K [0x00000000d5580000, 0x00000000d7100000, 0x0000000100000000)
  eden space 22528K, 0% used [0x00000000d5580000,0x00000000d5580000,0x00000000d6b80000)
  from space 1024K, 82% used [0x00000000d6e00000,0x00000000d6ed2b78,0x00000000d6f00000)
  to   space 1536K, 0% used [0x00000000d6f80000,0x00000000d6f80000,0x00000000d7100000)
 ParOldGen       total 68608K, used 22381K [0x0000000080000000, 0x0000000084300000, 0x00000000d5580000)
  object space 68608K, 32% used [0x0000000080000000,0x00000000815db510,0x0000000084300000)
 Metaspace       used 34641K, committed 35840K, reserved 1114112K
  class space    used 3569K, committed 4096K, reserved 1048576K
}
Event: 8.293 GC heap before
{Heap before GC invocations=15 (full 2):
 PSYoungGen      total 23552K, used 842K [0x00000000d5580000, 0x00000000d7100000, 0x0000000100000000)
  eden space 22528K, 0% used [0x00000000d5580000,0x00000000d5580000,0x00000000d6b80000)
  from space 1024K, 82% used [0x00000000d6e00000,0x00000000d6ed2b78,0x00000000d6f00000)
  to   space 1536K, 0% used [0x00000000d6f80000,0x00000000d6f80000,0x00000000d7100000)
 ParOldGen       total 68608K, used 22381K [0x0000000080000000, 0x0000000084300000, 0x00000000d5580000)
  object space 68608K, 32% used [0x0000000080000000,0x00000000815db510,0x0000000084300000)
 Metaspace       used 34641K, committed 35840K, reserved 1114112K
  class space    used 3569K, committed 4096K, reserved 1048576K
}
Event: 8.347 GC heap after
{Heap after GC invocations=15 (full 2):
 PSYoungGen      total 23552K, used 0K [0x00000000d5580000, 0x00000000d7100000, 0x0000000100000000)
  eden space 22528K, 0% used [0x00000000d5580000,0x00000000d5580000,0x00000000d6b80000)
  from space 1024K, 0% used [0x00000000d6e00000,0x00000000d6e00000,0x00000000d6f00000)
  to   space 1536K, 0% used [0x00000000d6f80000,0x00000000d6f80000,0x00000000d7100000)
 ParOldGen       total 68608K, used 21921K [0x0000000080000000, 0x0000000084300000, 0x00000000d5580000)
  object space 68608K, 31% used [0x0000000080000000,0x0000000081568680,0x0000000084300000)
 Metaspace       used 34641K, committed 35840K, reserved 1114112K
  class space    used 3569K, committed 4096K, reserved 1048576K
}
Event: 8.659 GC heap before
{Heap before GC invocations=16 (full 2):
 PSYoungGen      total 23552K, used 22528K [0x00000000d5580000, 0x00000000d7100000, 0x0000000100000000)
  eden space 22528K, 100% used [0x00000000d5580000,0x00000000d6b80000,0x00000000d6b80000)
  from space 1024K, 0% used [0x00000000d6e00000,0x00000000d6e00000,0x00000000d6f00000)
  to   space 1536K, 0% used [0x00000000d6f80000,0x00000000d6f80000,0x00000000d7100000)
 ParOldGen       total 68608K, used 21921K [0x0000000080000000, 0x0000000084300000, 0x00000000d5580000)
  object space 68608K, 31% used [0x0000000080000000,0x0000000081568680,0x0000000084300000)
 Metaspace       used 36401K, committed 37568K, reserved 1114112K
  class space    used 3809K, committed 4288K, reserved 1048576K
}
Event: 8.663 GC heap after
{Heap after GC invocations=16 (full 2):
 PSYoungGen      total 23552K, used 1520K [0x00000000d5580000, 0x00000000d7100000, 0x0000000100000000)
  eden space 22016K, 0% used [0x00000000d5580000,0x00000000d5580000,0x00000000d6b00000)
  from space 1536K, 98% used [0x00000000d6f80000,0x00000000d70fc010,0x00000000d7100000)
  to   space 2560K, 0% used [0x00000000d6c00000,0x00000000d6c00000,0x00000000d6e80000)
 ParOldGen       total 68608K, used 22457K [0x0000000080000000, 0x0000000084300000, 0x00000000d5580000)
  object space 68608K, 32% used [0x0000000080000000,0x00000000815ee680,0x0000000084300000)
 Metaspace       used 36401K, committed 37568K, reserved 1114112K
  class space    used 3809K, committed 4288K, reserved 1048576K
}
Event: 8.972 GC heap before
{Heap before GC invocations=17 (full 2):
 PSYoungGen      total 23552K, used 23536K [0x00000000d5580000, 0x00000000d7100000, 0x0000000100000000)
  eden space 22016K, 100% used [0x00000000d5580000,0x00000000d6b00000,0x00000000d6b00000)
  from space 1536K, 98% used [0x00000000d6f80000,0x00000000d70fc010,0x00000000d7100000)
  to   space 2560K, 0% used [0x00000000d6c00000,0x00000000d6c00000,0x00000000d6e80000)
 ParOldGen       total 68608K, used 22457K [0x0000000080000000, 0x0000000084300000, 0x00000000d5580000)
  object space 68608K, 32% used [0x0000000080000000,0x00000000815ee680,0x0000000084300000)
 Metaspace       used 37876K, committed 39104K, reserved 1114112K
  class space    used 3985K, committed 4544K, reserved 1048576K
}
Event: 8.980 GC heap after
{Heap after GC invocations=17 (full 2):
 PSYoungGen      total 24576K, used 2528K [0x00000000d5580000, 0x00000000d7100000, 0x0000000100000000)
  eden space 22016K, 0% used [0x00000000d5580000,0x00000000d5580000,0x00000000d6b00000)
  from space 2560K, 98% used [0x00000000d6c00000,0x00000000d6e78000,0x00000000d6e80000)
  to   space 2560K, 0% used [0x00000000d6e80000,0x00000000d6e80000,0x00000000d7100000)
 ParOldGen       total 68608K, used 23871K [0x0000000080000000, 0x0000000084300000, 0x00000000d5580000)
  object space 68608K, 34% used [0x0000000080000000,0x000000008174ffb0,0x0000000084300000)
 Metaspace       used 37876K, committed 39104K, reserved 1114112K
  class space    used 3985K, committed 4544K, reserved 1048576K
}
Event: 9.365 GC heap before
{Heap before GC invocations=18 (full 2):
 PSYoungGen      total 24576K, used 24544K [0x00000000d5580000, 0x00000000d7100000, 0x0000000100000000)
  eden space 22016K, 100% used [0x00000000d5580000,0x00000000d6b00000,0x00000000d6b00000)
  from space 2560K, 98% used [0x00000000d6c00000,0x00000000d6e78000,0x00000000d6e80000)
  to   space 2560K, 0% used [0x00000000d6e80000,0x00000000d6e80000,0x00000000d7100000)
 ParOldGen       total 68608K, used 23871K [0x0000000080000000, 0x0000000084300000, 0x00000000d5580000)
  object space 68608K, 34% used [0x0000000080000000,0x000000008174ffb0,0x0000000084300000)
 Metaspace       used 39218K, committed 40448K, reserved 1114112K
  class space    used 4142K, committed 4672K, reserved 1048576K
}
Event: 9.369 GC heap after
{Heap after GC invocations=18 (full 2):
 PSYoungGen      total 24064K, used 1856K [0x00000000d5580000, 0x00000000d7080000, 0x0000000100000000)
  eden space 22016K, 0% used [0x00000000d5580000,0x00000000d5580000,0x00000000d6b00000)
  from space 2048K, 90% used [0x00000000d6e80000,0x00000000d7050000,0x00000000d7080000)
  to   space 2560K, 0% used [0x00000000d6b80000,0x00000000d6b80000,0x00000000d6e00000)
 ParOldGen       total 68608K, used 25696K [0x0000000080000000, 0x0000000084300000, 0x00000000d5580000)
  object space 68608K, 37% used [0x0000000080000000,0x0000000081918218,0x0000000084300000)
 Metaspace       used 39218K, committed 40448K, reserved 1114112K
  class space    used 4142K, committed 4672K, reserved 1048576K
}
Event: 9.999 GC heap before
{Heap before GC invocations=19 (full 2):
 PSYoungGen      total 24064K, used 23872K [0x00000000d5580000, 0x00000000d7080000, 0x0000000100000000)
  eden space 22016K, 100% used [0x00000000d5580000,0x00000000d6b00000,0x00000000d6b00000)
  from space 2048K, 90% used [0x00000000d6e80000,0x00000000d7050000,0x00000000d7080000)
  to   space 2560K, 0% used [0x00000000d6b80000,0x00000000d6b80000,0x00000000d6e00000)
 ParOldGen       total 68608K, used 25696K [0x0000000080000000, 0x0000000084300000, 0x00000000d5580000)
  object space 68608K, 37% used [0x0000000080000000,0x0000000081918218,0x0000000084300000)
 Metaspace       used 41418K, committed 42688K, reserved 1114112K
  class space    used 4407K, committed 4992K, reserved 1048576K
}
Event: 10.007 GC heap after
{Heap after GC invocations=19 (full 2):
 PSYoungGen      total 24064K, used 1728K [0x00000000d5580000, 0x00000000d6f00000, 0x0000000100000000)
  eden space 22016K, 0% used [0x00000000d5580000,0x00000000d5580000,0x00000000d6b00000)
  from space 2048K, 84% used [0x00000000d6b80000,0x00000000d6d30000,0x00000000d6d80000)
  to   space 1536K, 0% used [0x00000000d6d80000,0x00000000d6d80000,0x00000000d6f00000)
 ParOldGen       total 68608K, used 27398K [0x0000000080000000, 0x0000000084300000, 0x00000000d5580000)
  object space 68608K, 39% used [0x0000000080000000,0x0000000081ac19a0,0x0000000084300000)
 Metaspace       used 41418K, committed 42688K, reserved 1114112K
  class space    used 4407K, committed 4992K, reserved 1048576K
}
Event: 10.419 GC heap before
{Heap before GC invocations=20 (full 2):
 PSYoungGen      total 24064K, used 23744K [0x00000000d5580000, 0x00000000d6f00000, 0x0000000100000000)
  eden space 22016K, 100% used [0x00000000d5580000,0x00000000d6b00000,0x00000000d6b00000)
  from space 2048K, 84% used [0x00000000d6b80000,0x00000000d6d30000,0x00000000d6d80000)
  to   space 1536K, 0% used [0x00000000d6d80000,0x00000000d6d80000,0x00000000d6f00000)
 ParOldGen       total 68608K, used 27398K [0x0000000080000000, 0x0000000084300000, 0x00000000d5580000)
  object space 68608K, 39% used [0x0000000080000000,0x0000000081ac19a0,0x0000000084300000)
 Metaspace       used 42993K, committed 44224K, reserved 1114112K
  class space    used 4615K, committed 5184K, reserved 1048576K
}
Event: 10.425 GC heap after
{Heap after GC invocations=20 (full 2):
 PSYoungGen      total 15360K, used 1536K [0x00000000d5580000, 0x00000000d8000000, 0x0000000100000000)
  eden space 13824K, 0% used [0x00000000d5580000,0x00000000d5580000,0x00000000d6300000)
  from space 1536K, 100% used [0x00000000d6d80000,0x00000000d6f00000,0x00000000d6f00000)
  to   space 10752K, 0% used [0x00000000d6300000,0x00000000d6300000,0x00000000d6d80000)
 ParOldGen       total 68608K, used 35187K [0x0000000080000000, 0x0000000084300000, 0x00000000d5580000)
  object space 68608K, 51% used [0x0000000080000000,0x000000008225cd80,0x0000000084300000)
 Metaspace       used 42993K, committed 44224K, reserved 1114112K
  class space    used 4615K, committed 5184K, reserved 1048576K
}
Event: 10.576 GC heap before
{Heap before GC invocations=21 (full 2):
 PSYoungGen      total 15360K, used 15360K [0x00000000d5580000, 0x00000000d8000000, 0x0000000100000000)
  eden space 13824K, 100% used [0x00000000d5580000,0x00000000d6300000,0x00000000d6300000)
  from space 1536K, 100% used [0x00000000d6d80000,0x00000000d6f00000,0x00000000d6f00000)
  to   space 10752K, 0% used [0x00000000d6300000,0x00000000d6300000,0x00000000d6d80000)
 ParOldGen       total 68608K, used 35187K [0x0000000080000000, 0x0000000084300000, 0x00000000d5580000)
  object space 68608K, 51% used [0x0000000080000000,0x000000008225cd80,0x0000000084300000)
 Metaspace       used 43296K, committed 44608K, reserved 1114112K
  class space    used 4656K, committed 5248K, reserved 1048576K
}
Event: 10.582 GC heap after
{Heap after GC invocations=21 (full 2):
 PSYoungGen      total 24576K, used 10727K [0x00000000d5580000, 0x00000000d7d00000, 0x0000000100000000)
  eden space 13824K, 0% used [0x00000000d5580000,0x00000000d5580000,0x00000000d6300000)
  from space 10752K, 99% used [0x00000000d6300000,0x00000000d6d79e78,0x00000000d6d80000)
  to   space 13312K, 0% used [0x00000000d7000000,0x00000000d7000000,0x00000000d7d00000)
 ParOldGen       total 68608K, used 36670K [0x0000000080000000, 0x0000000084300000, 0x00000000d5580000)
  object space 68608K, 53% used [0x0000000080000000,0x00000000823cf920,0x0000000084300000)
 Metaspace       used 43296K, committed 44608K, reserved 1114112K
  class space    used 4656K, committed 5248K, reserved 1048576K
}
Event: 10.963 GC heap before
{Heap before GC invocations=22 (full 2):
 PSYoungGen      total 24576K, used 24551K [0x00000000d5580000, 0x00000000d7d00000, 0x0000000100000000)
  eden space 13824K, 100% used [0x00000000d5580000,0x00000000d6300000,0x00000000d6300000)
  from space 10752K, 99% used [0x00000000d6300000,0x00000000d6d79e78,0x00000000d6d80000)
  to   space 13312K, 0% used [0x00000000d7000000,0x00000000d7000000,0x00000000d7d00000)
 ParOldGen       total 68608K, used 36670K [0x0000000080000000, 0x0000000084300000, 0x00000000d5580000)
  object space 68608K, 53% used [0x0000000080000000,0x00000000823cf920,0x0000000084300000)
 Metaspace       used 44996K, committed 46272K, reserved 1114112K
  class space    used 4872K, committed 5440K, reserved 1048576K
}
Event: 10.972 GC heap after
{Heap after GC invocations=22 (full 2):
 PSYoungGen      total 14848K, used 987K [0x00000000d5580000, 0x00000000d7100000, 0x0000000100000000)
  eden space 13824K, 0% used [0x00000000d5580000,0x00000000d5580000,0x00000000d6300000)
  from space 1024K, 96% used [0x00000000d7000000,0x00000000d70f6e98,0x00000000d7100000)
  to   space 5632K, 0% used [0x00000000d6600000,0x00000000d6600000,0x00000000d6b80000)
 ParOldGen       total 68608K, used 47502K [0x0000000080000000, 0x0000000084300000, 0x00000000d5580000)
  object space 68608K, 69% used [0x0000000080000000,0x0000000082e63a80,0x0000000084300000)
 Metaspace       used 44996K, committed 46272K, reserved 1114112K
  class space    used 4872K, committed 5440K, reserved 1048576K
}
Event: 14.857 GC heap before
{Heap before GC invocations=23 (full 2):
 PSYoungGen      total 14848K, used 14811K [0x00000000d5580000, 0x00000000d7100000, 0x0000000100000000)
  eden space 13824K, 100% used [0x00000000d5580000,0x00000000d6300000,0x00000000d6300000)
  from space 1024K, 96% used [0x00000000d7000000,0x00000000d70f6e98,0x00000000d7100000)
  to   space 5632K, 0% used [0x00000000d6600000,0x00000000d6600000,0x00000000d6b80000)
 ParOldGen       total 68608K, used 47502K [0x0000000080000000, 0x0000000084300000, 0x00000000d5580000)
  object space 68608K, 69% used [0x0000000080000000,0x0000000082e63a80,0x0000000084300000)
 Metaspace       used 46513K, committed 47744K, reserved 1114112K
  class space    used 5062K, committed 5632K, reserved 1048576K
}
Event: 14.862 GC heap after
{Heap after GC invocations=23 (full 2):
 PSYoungGen      total 19456K, used 944K [0x00000000d5580000, 0x00000000d7080000, 0x0000000100000000)
  eden space 13824K, 0% used [0x00000000d5580000,0x00000000d5580000,0x00000000d6300000)
  from space 5632K, 16% used [0x00000000d6600000,0x00000000d66ec010,0x00000000d6b80000)
  to   space 2048K, 0% used [0x00000000d6e80000,0x00000000d6e80000,0x00000000d7080000)
 ParOldGen       total 68608K, used 48347K [0x0000000080000000, 0x0000000084300000, 0x00000000d5580000)
  object space 68608K, 70% used [0x0000000080000000,0x0000000082f36fb8,0x0000000084300000)
 Metaspace       used 46513K, committed 47744K, reserved 1114112K
  class space    used 5062K, committed 5632K, reserved 1048576K
}

