# JRE version: OpenJDK Runtime Environment Temurin-21.0.9+10 (21.0.9+10) (build 21.0.9+10-LTS)
# Java VM: OpenJDK 64-Bit Server VM Temurin-21.0.9+10 (21.0.9+10-LTS, mixed mode, sharing, tiered, compressed oops, compressed class ptrs, parallel gc, windows-amd64)
GC Precious Log:
 CardTable entry size: 512
 CPUs: 8 total, 8 available
 Memory: 16161M
 Large Page Support: Disabled
 NUMA Support: Disabled
 Compressed Oops: Enabled (32-bit)
 Alignments: Space 512K, Generation 512K, Heap 2M
 Heap Min Capacity: 100M
 Heap Initial Capacity: 100M
 Heap Max Capacity: 2G
 Pre-touch: Disabled
 Parallel Workers: 8
Heap:
 PSYoungGen      total 19456K, used 14554K [0x00000000d5580000, 0x00000000d8e00000, 0x0000000100000000)
  eden space 11776K, 58% used [0x00000000d5580000,0x00000000d5c3ba68,0x00000000d6100000)
  from space 7680K, 99% used [0x00000000d7280000,0x00000000d79fb140,0x00000000d7a00000)
  to   space 17920K, 0% used [0x00000000d6100000,0x00000000d6100000,0x00000000d7280000)
 ParOldGen       total 68608K, used 41461K [0x0000000080000000, 0x0000000084300000, 0x00000000d5580000)
  object space 68608K, 60% used [0x0000000080000000,0x000000008287d738,0x0000000084300000)
 Metaspace       used 46228K, committed 47360K, reserved 1114112K
  class space    used 5031K, committed 5568K, reserved 1048576K
GC Heap History (20 events):
Event: 8.208 GC heap before
{Heap before GC invocations=13 (full 1):
 PSYoungGen      total 25600K, used 23904K [0x00000000d5580000, 0x00000000d7380000, 0x0000000100000000)
  eden space 23040K, 100% used [0x00000000d5580000,0x00000000d6c00000,0x00000000d6c00000)
  from space 2560K, 33% used [0x00000000d6f80000,0x00000000d7058000,0x00000000d7200000)
  to   space 1536K, 0% used [0x00000000d7200000,0x00000000d7200000,0x00000000d7380000)
 ParOldGen       total 68608K, used 18835K [0x0000000080000000, 0x0000000084300000, 0x00000000d5580000)
  object space 68608K, 27% used [0x0000000080000000,0x0000000081264ed0,0x0000000084300000)
 Metaspace       used 31773K, committed 32832K, reserved 1114112K
  class space    used 3250K, committed 3712K, reserved 1048576K
}
Event: 8.212 GC heap after
{Heap after GC invocations=13 (full 1):
 PSYoungGen      total 24064K, used 1516K [0x00000000d5580000, 0x00000000d7380000, 0x0000000100000000)
  eden space 22528K, 0% used [0x00000000d5580000,0x00000000d5580000,0x00000000d6b80000)
  from space 1536K, 98% used [0x00000000d7200000,0x00000000d737b060,0x00000000d7380000)
  to   space 3072K, 0% used [0x00000000d6d80000,0x00000000d6d80000,0x00000000d7080000)
 ParOldGen       total 68608K, used 19987K [0x0000000080000000, 0x0000000084300000, 0x00000000d5580000)
  object space 68608K, 29% used [0x0000000080000000,0x0000000081384ee0,0x0000000084300000)
 Metaspace       used 31773K, committed 32832K, reserved 1114112K
  class space    used 3250K, committed 3712K, reserved 1048576K
}
Event: 8.603 GC heap before
{Heap before GC invocations=14 (full 1):
 PSYoungGen      total 24064K, used 24044K [0x00000000d5580000, 0x00000000d7380000, 0x0000000100000000)
  eden space 22528K, 100% used [0x00000000d5580000,0x00000000d6b80000,0x00000000d6b80000)
  from space 1536K, 98% used [0x00000000d7200000,0x00000000d737b060,0x00000000d7380000)
  to   space 3072K, 0% used [0x00000000d6d80000,0x00000000d6d80000,0x00000000d7080000)
 ParOldGen       total 68608K, used 19987K [0x0000000080000000, 0x0000000084300000, 0x00000000d5580000)
  object space 68608K, 29% used [0x0000000080000000,0x0000000081384ee0,0x0000000084300000)
 Metaspace       used 34157K, committed 35328K, reserved 1114112K
  class space    used 3530K, committed 4032K, reserved 1048576K
}
Event: 8.607 GC heap after
{Heap after GC invocations=14 (full 1):
 PSYoungGen      total 25088K, used 960K [0x00000000d5580000, 0x00000000d7280000, 0x0000000100000000)
  eden space 22016K, 0% used [0x00000000d5580000,0x00000000d5580000,0x00000000d6b00000)
  from space 3072K, 31% used [0x00000000d6d80000,0x00000000d6e70000,0x00000000d7080000)
  to   space 2048K, 0% used [0x00000000d7080000,0x00000000d7080000,0x00000000d7280000)
 ParOldGen       total 68608K, used 21474K [0x0000000080000000, 0x0000000084300000, 0x00000000d5580000)
  object space 68608K, 31% used [0x0000000080000000,0x00000000814f8a50,0x0000000084300000)
 Metaspace       used 34157K, committed 35328K, reserved 1114112K
  class space    used 3530K, committed 4032K, reserved 1048576K
}
Event: 8.790 GC heap before
{Heap before GC invocations=15 (full 1):
 PSYoungGen      total 25088K, used 6206K [0x00000000d5580000, 0x00000000d7280000, 0x0000000100000000)
  eden space 22016K, 23% used [0x00000000d5580000,0x00000000d5a9f868,0x00000000d6b00000)
  from space 3072K, 31% used [0x00000000d6d80000,0x00000000d6e70000,0x00000000d7080000)
  to   space 2048K, 0% used [0x00000000d7080000,0x00000000d7080000,0x00000000d7280000)
 ParOldGen       total 68608K, used 21474K [0x0000000080000000, 0x0000000084300000, 0x00000000d5580000)
  object space 68608K, 31% used [0x0000000080000000,0x00000000814f8a50,0x0000000084300000)
 Metaspace       used 34775K, committed 35840K, reserved 1114112K
  class space    used 3614K, committed 4096K, reserved 1048576K
}
Event: 8.794 GC heap after
{Heap after GC invocations=15 (full 1):
 PSYoungGen      total 22528K, used 352K [0x00000000d5580000, 0x00000000d7100000, 0x0000000100000000)
  eden space 22016K, 0% used [0x00000000d5580000,0x00000000d5580000,0x00000000d6b00000)
  from space 512K, 68% used [0x00000000d7080000,0x00000000d70d8000,0x00000000d7100000)
  to   space 1024K, 0% used [0x00000000d6f00000,0x00000000d6f00000,0x00000000d7000000)
 ParOldGen       total 68608K, used 22265K [0x0000000080000000, 0x0000000084300000, 0x00000000d5580000)
  object space 68608K, 32% used [0x0000000080000000,0x00000000815be688,0x0000000084300000)
 Metaspace       used 34775K, committed 35840K, reserved 1114112K
  class space    used 3614K, committed 4096K, reserved 1048576K
}
Event: 8.794 GC heap before
{Heap before GC invocations=16 (full 2):
 PSYoungGen      total 22528K, used 352K [0x00000000d5580000, 0x00000000d7100000, 0x0000000100000000)
  eden space 22016K, 0% used [0x00000000d5580000,0x00000000d5580000,0x00000000d6b00000)
  from space 512K, 68% used [0x00000000d7080000,0x00000000d70d8000,0x00000000d7100000)
  to   space 1024K, 0% used [0x00000000d6f00000,0x00000000d6f00000,0x00000000d7000000)
 ParOldGen       total 68608K, used 22265K [0x0000000080000000, 0x0000000084300000, 0x00000000d5580000)
  object space 68608K, 32% used [0x0000000080000000,0x00000000815be688,0x0000000084300000)
 Metaspace       used 34775K, committed 35840K, reserved 1114112K
  class space    used 3614K, committed 4096K, reserved 1048576K
}
Event: 8.863 GC heap after
{Heap after GC invocations=16 (full 2):
 PSYoungGen      total 22528K, used 0K [0x00000000d5580000, 0x00000000d7100000, 0x0000000100000000)
  eden space 22016K, 0% used [0x00000000d5580000,0x00000000d5580000,0x00000000d6b00000)
  from space 512K, 0% used [0x00000000d7080000,0x00000000d7080000,0x00000000d7100000)
  to   space 1024K, 0% used [0x00000000d6f00000,0x00000000d6f00000,0x00000000d7000000)
 ParOldGen       total 68608K, used 21369K [0x0000000080000000, 0x0000000084300000, 0x00000000d5580000)
  object space 68608K, 31% used [0x0000000080000000,0x00000000814de780,0x0000000084300000)
 Metaspace       used 34775K, committed 35840K, reserved 1114112K
  class space    used 3614K, committed 4096K, reserved 1048576K
}
Event: 9.306 GC heap before
{Heap before GC invocations=17 (full 2):
 PSYoungGen      total 22528K, used 21818K [0x00000000d5580000, 0x00000000d7100000, 0x0000000100000000)
  eden space 22016K, 99% used [0x00000000d5580000,0x00000000d6ace940,0x00000000d6b00000)
  from space 512K, 0% used [0x00000000d7080000,0x00000000d7080000,0x00000000d7100000)
  to   space 1024K, 0% used [0x00000000d6f00000,0x00000000d6f00000,0x00000000d7000000)
 ParOldGen       total 68608K, used 21369K [0x0000000080000000, 0x0000000084300000, 0x00000000d5580000)
  object space 68608K, 31% used [0x0000000080000000,0x00000000814de780,0x0000000084300000)
 Metaspace       used 37010K, committed 38144K, reserved 1114112K
  class space    used 3880K, committed 4416K, reserved 1048576K
}
Event: 9.310 GC heap after
{Heap after GC invocations=17 (full 2):
 PSYoungGen      total 23040K, used 1008K [0x00000000d5580000, 0x00000000d7100000, 0x0000000100000000)
  eden space 22016K, 0% used [0x00000000d5580000,0x00000000d5580000,0x00000000d6b00000)
  from space 1024K, 98% used [0x00000000d6f00000,0x00000000d6ffc1e0,0x00000000d7000000)
  to   space 1024K, 0% used [0x00000000d7000000,0x00000000d7000000,0x00000000d7100000)
 ParOldGen       total 68608K, used 21889K [0x0000000080000000, 0x0000000084300000, 0x00000000d5580000)
  object space 68608K, 31% used [0x0000000080000000,0x00000000815604a0,0x0000000084300000)
 Metaspace       used 37010K, committed 38144K, reserved 1114112K
  class space    used 3880K, committed 4416K, reserved 1048576K
}
Event: 10.043 GC heap before
{Heap before GC invocations=18 (full 2):
 PSYoungGen      total 23040K, used 23024K [0x00000000d5580000, 0x00000000d7100000, 0x0000000100000000)
  eden space 22016K, 100% used [0x00000000d5580000,0x00000000d6b00000,0x00000000d6b00000)
  from space 1024K, 98% used [0x00000000d6f00000,0x00000000d6ffc1e0,0x00000000d7000000)
  to   space 1024K, 0% used [0x00000000d7000000,0x00000000d7000000,0x00000000d7100000)
 ParOldGen       total 68608K, used 21889K [0x0000000080000000, 0x0000000084300000, 0x00000000d5580000)
  object space 68608K, 31% used [0x0000000080000000,0x00000000815604a0,0x0000000084300000)
 Metaspace       used 38982K, committed 40128K, reserved 1114112K
  class space    used 4137K, committed 4672K, reserved 1048576K
}
Event: 10.050 GC heap after
{Heap after GC invocations=18 (full 2):
 PSYoungGen      total 23040K, used 1019K [0x00000000d5580000, 0x00000000d7400000, 0x0000000100000000)
  eden space 22016K, 0% used [0x00000000d5580000,0x00000000d5580000,0x00000000d6b00000)
  from space 1024K, 99% used [0x00000000d7000000,0x00000000d70fec40,0x00000000d7100000)
  to   space 4608K, 0% used [0x00000000d6b00000,0x00000000d6b00000,0x00000000d6f80000)
 ParOldGen       total 68608K, used 24699K [0x0000000080000000, 0x0000000084300000, 0x00000000d5580000)
  object space 68608K, 36% used [0x0000000080000000,0x000000008181ecd0,0x0000000084300000)
 Metaspace       used 38982K, committed 40128K, reserved 1114112K
  class space    used 4137K, committed 4672K, reserved 1048576K
}
Event: 10.499 GC heap before
{Heap before GC invocations=19 (full 2):
 PSYoungGen      total 23040K, used 23035K [0x00000000d5580000, 0x00000000d7400000, 0x0000000100000000)
  eden space 22016K, 100% used [0x00000000d5580000,0x00000000d6b00000,0x00000000d6b00000)
  from space 1024K, 99% used [0x00000000d7000000,0x00000000d70fec40,0x00000000d7100000)
  to   space 4608K, 0% used [0x00000000d6b00000,0x00000000d6b00000,0x00000000d6f80000)
 ParOldGen       total 68608K, used 24699K [0x0000000080000000, 0x0000000084300000, 0x00000000d5580000)
  object space 68608K, 36% used [0x0000000080000000,0x000000008181ecd0,0x0000000084300000)
 Metaspace       used 40662K, committed 41792K, reserved 1114112K
  class space    used 4342K, committed 4864K, reserved 1048576K
}
Event: 10.506 GC heap after
{Heap after GC invocations=19 (full 2):
 PSYoungGen      total 25600K, used 3296K [0x00000000d5580000, 0x00000000d7200000, 0x0000000100000000)
  eden space 22016K, 0% used [0x00000000d5580000,0x00000000d5580000,0x00000000d6b00000)
  from space 3584K, 91% used [0x00000000d6b00000,0x00000000d6e38000,0x00000000d6e80000)
  to   space 3584K, 0% used [0x00000000d6e80000,0x00000000d6e80000,0x00000000d7200000)
 ParOldGen       total 68608K, used 25675K [0x0000000080000000, 0x0000000084300000, 0x00000000d5580000)
  object space 68608K, 37% used [0x0000000080000000,0x0000000081912cd0,0x0000000084300000)
 Metaspace       used 40662K, committed 41792K, reserved 1114112K
  class space    used 4342K, committed 4864K, reserved 1048576K
}
Event: 11.117 GC heap before
{Heap before GC invocations=20 (full 2):
 PSYoungGen      total 25600K, used 25312K [0x00000000d5580000, 0x00000000d7200000, 0x0000000100000000)
  eden space 22016K, 100% used [0x00000000d5580000,0x00000000d6b00000,0x00000000d6b00000)
  from space 3584K, 91% used [0x00000000d6b00000,0x00000000d6e38000,0x00000000d6e80000)
  to   space 3584K, 0% used [0x00000000d6e80000,0x00000000d6e80000,0x00000000d7200000)
 ParOldGen       total 68608K, used 25675K [0x0000000080000000, 0x0000000084300000, 0x00000000d5580000)
  object space 68608K, 37% used [0x0000000080000000,0x0000000081912cd0,0x0000000084300000)
 Metaspace       used 42643K, committed 43840K, reserved 1114112K
  class space    used 4565K, committed 5120K, reserved 1048576K
}
Event: 11.124 GC heap after
{Heap after GC invocations=20 (full 2):
 PSYoungGen      total 23040K, used 1024K [0x00000000d5580000, 0x00000000d6f80000, 0x0000000100000000)
  eden space 22016K, 0% used [0x00000000d5580000,0x00000000d5580000,0x00000000d6b00000)
  from space 1024K, 100% used [0x00000000d6e80000,0x00000000d6f80000,0x00000000d6f80000)
  to   space 2048K, 0% used [0x00000000d6b80000,0x00000000d6b80000,0x00000000d6d80000)
 ParOldGen       total 68608K, used 28816K [0x0000000080000000, 0x0000000084300000, 0x00000000d5580000)
  object space 68608K, 42% used [0x0000000080000000,0x0000000081c24158,0x0000000084300000)
 Metaspace       used 42643K, committed 43840K, reserved 1114112K
  class space    used 4565K, committed 5120K, reserved 1048576K
}
Event: 11.885 GC heap before
{Heap before GC invocations=21 (full 2):
 PSYoungGen      total 23040K, used 23040K [0x00000000d5580000, 0x00000000d6f80000, 0x0000000100000000)
  eden space 22016K, 100% used [0x00000000d5580000,0x00000000d6b00000,0x00000000d6b00000)
  from space 1024K, 100% used [0x00000000d6e80000,0x00000000d6f80000,0x00000000d6f80000)
  to   space 2048K, 0% used [0x00000000d6b80000,0x00000000d6b80000,0x00000000d6d80000)
 ParOldGen       total 68608K, used 28816K [0x0000000080000000, 0x0000000084300000, 0x00000000d5580000)
  object space 68608K, 42% used [0x0000000080000000,0x0000000081c24158,0x0000000084300000)
 Metaspace       used 44592K, committed 45760K, reserved 1114112K
  class space    used 4830K, committed 5376K, reserved 1048576K
}
Event: 11.891 GC heap after
{Heap after GC invocations=21 (full 2):
 PSYoungGen      total 24064K, used 2048K [0x00000000d5580000, 0x00000000d7a00000, 0x0000000100000000)
  eden space 22016K, 0% used [0x00000000d5580000,0x00000000d5580000,0x00000000d6b00000)
  from space 2048K, 100% used [0x00000000d6b80000,0x00000000d6d80000,0x00000000d6d80000)
  to   space 7680K, 0% used [0x00000000d7280000,0x00000000d7280000,0x00000000d7a00000)
 ParOldGen       total 68608K, used 33097K [0x0000000080000000, 0x0000000084300000, 0x00000000d5580000)
  object space 68608K, 48% used [0x0000000080000000,0x00000000820524d8,0x0000000084300000)
 Metaspace       used 44592K, committed 45760K, reserved 1114112K
  class space    used 4830K, committed 5376K, reserved 1048576K
}
Event: 20.016 GC heap before
{Heap before GC invocations=22 (full 2):
 PSYoungGen      total 24064K, used 24063K [0x00000000d5580000, 0x00000000d7a00000, 0x0000000100000000)
  eden space 22016K, 99% used [0x00000000d5580000,0x00000000d6affff8,0x00000000d6b00000)
  from space 2048K, 100% used [0x00000000d6b80000,0x00000000d6d80000,0x00000000d6d80000)
  to   space 7680K, 0% used [0x00000000d7280000,0x00000000d7280000,0x00000000d7a00000)
 ParOldGen       total 68608K, used 33097K [0x0000000080000000, 0x0000000084300000, 0x00000000d5580000)
  object space 68608K, 48% used [0x0000000080000000,0x00000000820524d8,0x0000000084300000)
 Metaspace       used 45514K, committed 46720K, reserved 1114112K
  class space    used 4939K, committed 5504K, reserved 1048576K
}
Event: 20.026 GC heap after
{Heap after GC invocations=22 (full 2):
 PSYoungGen      total 19456K, used 7660K [0x00000000d5580000, 0x00000000d8e00000, 0x0000000100000000)
  eden space 11776K, 0% used [0x00000000d5580000,0x00000000d5580000,0x00000000d6100000)
  from space 7680K, 99% used [0x00000000d7280000,0x00000000d79fb140,0x00000000d7a00000)
  to   space 17920K, 0% used [0x00000000d6100000,0x00000000d6100000,0x00000000d7280000)
 ParOldGen       total 68608K, used 41461K [0x0000000080000000, 0x0000000084300000, 0x00000000d5580000)
  object space 68608K, 60% used [0x0000000080000000,0x000000008287d738,0x0000000084300000)
 Metaspace       used 45514K, committed 46720K, reserved 1114112K
  class space    used 4939K, committed 5504K, reserved 1048576K
}

