# JRE version: OpenJDK Runtime Environment Temurin-21.0.9+10 (21.0.9+10) (build 21.0.9+10-LTS)
# Java VM: OpenJDK 64-Bit Server VM Temurin-21.0.9+10 (21.0.9+10-LTS, mixed mode, sharing, tiered, compressed oops, compressed class ptrs, parallel gc, windows-amd64)
GC Precious Log:
 CardTable entry size: 512
 CPUs: 8 total, 8 available
 Memory: 16161M
 Large Page Support: Disabled
 NUMA Support: Disabled
 Compressed Oops: Enabled (32-bit)
 Alignments: Space 512K, Generation 512K, Heap 2M
 Heap Min Capacity: 100M
 Heap Initial Capacity: 100M
 Heap Max Capacity: 2G
 Pre-touch: Disabled
 Parallel Workers: 8
Heap:
 PSYoungGen      total 10240K, used 6464K [0x00000000d5580000, 0x00000000d6180000, 0x0000000100000000)
  eden space 9728K, 62% used [0x00000000d5580000,0x00000000d5b75c68,0x00000000d5f00000)
  from space 512K, 70% used [0x00000000d6100000,0x00000000d615a400,0x00000000d6180000)
  to   space 512K, 0% used [0x00000000d6080000,0x00000000d6080000,0x00000000d6100000)
 ParOldGen       total 719872K, used 271443K [0x0000000080000000, 0x00000000abf00000, 0x00000000d5580000)
  object space 719872K, 37% used [0x0000000080000000,0x0000000090914ef0,0x00000000abf00000)
 Metaspace       used 86876K, committed 88384K, reserved 1179648K
  class space    used 8706K, committed 9408K, reserved 1048576K
GC Heap History (20 events):
Event: 2243.729 GC heap before
{Heap before GC invocations=1362 (full 5):
 PSYoungGen      total 10752K, used 10464K [0x00000000d5580000, 0x00000000d6180000, 0x0000000100000000)
  eden space 9728K, 100% used [0x00000000d5580000,0x00000000d5f00000,0x00000000d5f00000)
  from space 1024K, 71% used [0x00000000d6080000,0x00000000d6138000,0x00000000d6180000)
  to   space 1024K, 0% used [0x00000000d5f80000,0x00000000d5f80000,0x00000000d6080000)
 ParOldGen       total 719872K, used 267206K [0x0000000080000000, 0x00000000abf00000, 0x00000000d5580000)
  object space 719872K, 37% used [0x0000000080000000,0x00000000904f1bb0,0x00000000abf00000)
 Metaspace       used 86474K, committed 88064K, reserved 1179648K
  class space    used 8690K, committed 9408K, reserved 1048576K
}
Event: 2243.734 GC heap after
{Heap after GC invocations=1362 (full 5):
 PSYoungGen      total 10752K, used 1015K [0x00000000d5580000, 0x00000000d6400000, 0x0000000100000000)
  eden space 9728K, 0% used [0x00000000d5580000,0x00000000d5580000,0x00000000d5f00000)
  from space 1024K, 99% used [0x00000000d5f80000,0x00000000d607dd38,0x00000000d6080000)
  to   space 2560K, 0% used [0x00000000d6180000,0x00000000d6180000,0x00000000d6400000)
 ParOldGen       total 719872K, used 268433K [0x0000000080000000, 0x00000000abf00000, 0x00000000d5580000)
  object space 719872K, 37% used [0x0000000080000000,0x00000000906245a0,0x00000000abf00000)
 Metaspace       used 86474K, committed 88064K, reserved 1179648K
  class space    used 8690K, committed 9408K, reserved 1048576K
}
Event: 2243.894 GC heap before
{Heap before GC invocations=1363 (full 5):
 PSYoungGen      total 10752K, used 10743K [0x00000000d5580000, 0x00000000d6400000, 0x0000000100000000)
  eden space 9728K, 100% used [0x00000000d5580000,0x00000000d5f00000,0x00000000d5f00000)
  from space 1024K, 99% used [0x00000000d5f80000,0x00000000d607dd38,0x00000000d6080000)
  to   space 2560K, 0% used [0x00000000d6180000,0x00000000d6180000,0x00000000d6400000)
 ParOldGen       total 719872K, used 268433K [0x0000000080000000, 0x00000000abf00000, 0x00000000d5580000)
  object space 719872K, 37% used [0x0000000080000000,0x00000000906245a0,0x00000000abf00000)
 Metaspace       used 86503K, committed 88064K, reserved 1179648K
  class space    used 8690K, committed 9408K, reserved 1048576K
}
Event: 2243.899 GC heap after
{Heap after GC invocations=1363 (full 5):
 PSYoungGen      total 11264K, used 1472K [0x00000000d5580000, 0x00000000d6300000, 0x0000000100000000)
  eden space 9728K, 0% used [0x00000000d5580000,0x00000000d5580000,0x00000000d5f00000)
  from space 1536K, 95% used [0x00000000d6180000,0x00000000d62f0000,0x00000000d6300000)
  to   space 2048K, 0% used [0x00000000d5f00000,0x00000000d5f00000,0x00000000d6100000)
 ParOldGen       total 719872K, used 269441K [0x0000000080000000, 0x00000000abf00000, 0x00000000d5580000)
  object space 719872K, 37% used [0x0000000080000000,0x0000000090720640,0x00000000abf00000)
 Metaspace       used 86503K, committed 88064K, reserved 1179648K
  class space    used 8690K, committed 9408K, reserved 1048576K
}
Event: 2244.304 GC heap before
{Heap before GC invocations=1364 (full 5):
 PSYoungGen      total 11264K, used 11200K [0x00000000d5580000, 0x00000000d6300000, 0x0000000100000000)
  eden space 9728K, 100% used [0x00000000d5580000,0x00000000d5f00000,0x00000000d5f00000)
  from space 1536K, 95% used [0x00000000d6180000,0x00000000d62f0000,0x00000000d6300000)
  to   space 2048K, 0% used [0x00000000d5f00000,0x00000000d5f00000,0x00000000d6100000)
 ParOldGen       total 719872K, used 269441K [0x0000000080000000, 0x00000000abf00000, 0x00000000d5580000)
  object space 719872K, 37% used [0x0000000080000000,0x0000000090720640,0x00000000abf00000)
 Metaspace       used 86815K, committed 88384K, reserved 1179648K
  class space    used 8705K, committed 9408K, reserved 1048576K
}
Event: 2244.307 GC heap after
{Heap after GC invocations=1364 (full 5):
 PSYoungGen      total 11776K, used 508K [0x00000000d5580000, 0x00000000d6200000, 0x0000000100000000)
  eden space 9728K, 0% used [0x00000000d5580000,0x00000000d5580000,0x00000000d5f00000)
  from space 2048K, 24% used [0x00000000d5f00000,0x00000000d5f7f040,0x00000000d6100000)
  to   space 1024K, 0% used [0x00000000d6100000,0x00000000d6100000,0x00000000d6200000)
 ParOldGen       total 719872K, used 270774K [0x0000000080000000, 0x00000000abf00000, 0x00000000d5580000)
  object space 719872K, 37% used [0x0000000080000000,0x000000009086d970,0x00000000abf00000)
 Metaspace       used 86815K, committed 88384K, reserved 1179648K
  class space    used 8705K, committed 9408K, reserved 1048576K
}
Event: 2244.326 GC heap before
{Heap before GC invocations=1365 (full 5):
 PSYoungGen      total 11776K, used 10236K [0x00000000d5580000, 0x00000000d6200000, 0x0000000100000000)
  eden space 9728K, 100% used [0x00000000d5580000,0x00000000d5f00000,0x00000000d5f00000)
  from space 2048K, 24% used [0x00000000d5f00000,0x00000000d5f7f040,0x00000000d6100000)
  to   space 1024K, 0% used [0x00000000d6100000,0x00000000d6100000,0x00000000d6200000)
 ParOldGen       total 719872K, used 270774K [0x0000000080000000, 0x00000000abf00000, 0x00000000d5580000)
  object space 719872K, 37% used [0x0000000080000000,0x000000009086d970,0x00000000abf00000)
 Metaspace       used 86816K, committed 88384K, reserved 1179648K
  class space    used 8705K, committed 9408K, reserved 1048576K
}
Event: 2244.329 GC heap after
{Heap after GC invocations=1365 (full 5):
 PSYoungGen      total 10752K, used 544K [0x00000000d5580000, 0x00000000d6200000, 0x0000000100000000)
  eden space 9728K, 0% used [0x00000000d5580000,0x00000000d5580000,0x00000000d5f00000)
  from space 1024K, 53% used [0x00000000d6100000,0x00000000d6188030,0x00000000d6200000)
  to   space 1024K, 0% used [0x00000000d6000000,0x00000000d6000000,0x00000000d6100000)
 ParOldGen       total 719872K, used 271131K [0x0000000080000000, 0x00000000abf00000, 0x00000000d5580000)
  object space 719872K, 37% used [0x0000000080000000,0x00000000908c6ee0,0x00000000abf00000)
 Metaspace       used 86816K, committed 88384K, reserved 1179648K
  class space    used 8705K, committed 9408K, reserved 1048576K
}
Event: 2244.349 GC heap before
{Heap before GC invocations=1366 (full 5):
 PSYoungGen      total 10752K, used 10272K [0x00000000d5580000, 0x00000000d6200000, 0x0000000100000000)
  eden space 9728K, 100% used [0x00000000d5580000,0x00000000d5f00000,0x00000000d5f00000)
  from space 1024K, 53% used [0x00000000d6100000,0x00000000d6188030,0x00000000d6200000)
  to   space 1024K, 0% used [0x00000000d6000000,0x00000000d6000000,0x00000000d6100000)
 ParOldGen       total 719872K, used 271131K [0x0000000080000000, 0x00000000abf00000, 0x00000000d5580000)
  object space 719872K, 37% used [0x0000000080000000,0x00000000908c6ee0,0x00000000abf00000)
 Metaspace       used 86819K, committed 88384K, reserved 1179648K
  class space    used 8705K, committed 9408K, reserved 1048576K
}
Event: 2244.351 GC heap after
{Heap after GC invocations=1366 (full 5):
 PSYoungGen      total 10752K, used 608K [0x00000000d5580000, 0x00000000d6180000, 0x0000000100000000)
  eden space 9728K, 0% used [0x00000000d5580000,0x00000000d5580000,0x00000000d5f00000)
  from space 1024K, 59% used [0x00000000d6000000,0x00000000d6098020,0x00000000d6100000)
  to   space 512K, 0% used [0x00000000d6100000,0x00000000d6100000,0x00000000d6180000)
 ParOldGen       total 719872K, used 271147K [0x0000000080000000, 0x00000000abf00000, 0x00000000d5580000)
  object space 719872K, 37% used [0x0000000080000000,0x00000000908caee0,0x00000000abf00000)
 Metaspace       used 86819K, committed 88384K, reserved 1179648K
  class space    used 8705K, committed 9408K, reserved 1048576K
}
Event: 2244.387 GC heap before
{Heap before GC invocations=1367 (full 5):
 PSYoungGen      total 10752K, used 10336K [0x00000000d5580000, 0x00000000d6180000, 0x0000000100000000)
  eden space 9728K, 100% used [0x00000000d5580000,0x00000000d5f00000,0x00000000d5f00000)
  from space 1024K, 59% used [0x00000000d6000000,0x00000000d6098020,0x00000000d6100000)
  to   space 512K, 0% used [0x00000000d6100000,0x00000000d6100000,0x00000000d6180000)
 ParOldGen       total 719872K, used 271147K [0x0000000080000000, 0x00000000abf00000, 0x00000000d5580000)
  object space 719872K, 37% used [0x0000000080000000,0x00000000908caee0,0x00000000abf00000)
 Metaspace       used 86838K, committed 88384K, reserved 1179648K
  class space    used 8705K, committed 9408K, reserved 1048576K
}
Event: 2244.390 GC heap after
{Heap after GC invocations=1367 (full 5):
 PSYoungGen      total 10240K, used 425K [0x00000000d5580000, 0x00000000d6180000, 0x0000000100000000)
  eden space 9728K, 0% used [0x00000000d5580000,0x00000000d5580000,0x00000000d5f00000)
  from space 512K, 83% used [0x00000000d6100000,0x00000000d616a400,0x00000000d6180000)
  to   space 512K, 0% used [0x00000000d6080000,0x00000000d6080000,0x00000000d6100000)
 ParOldGen       total 719872K, used 271243K [0x0000000080000000, 0x00000000abf00000, 0x00000000d5580000)
  object space 719872K, 37% used [0x0000000080000000,0x00000000908e2ee0,0x00000000abf00000)
 Metaspace       used 86838K, committed 88384K, reserved 1179648K
  class space    used 8705K, committed 9408K, reserved 1048576K
}
Event: 2244.446 GC heap before
{Heap before GC invocations=1368 (full 5):
 PSYoungGen      total 10240K, used 10153K [0x00000000d5580000, 0x00000000d6180000, 0x0000000100000000)
  eden space 9728K, 100% used [0x00000000d5580000,0x00000000d5f00000,0x00000000d5f00000)
  from space 512K, 83% used [0x00000000d6100000,0x00000000d616a400,0x00000000d6180000)
  to   space 512K, 0% used [0x00000000d6080000,0x00000000d6080000,0x00000000d6100000)
 ParOldGen       total 719872K, used 271243K [0x0000000080000000, 0x00000000abf00000, 0x00000000d5580000)
  object space 719872K, 37% used [0x0000000080000000,0x00000000908e2ee0,0x00000000abf00000)
 Metaspace       used 86852K, committed 88384K, reserved 1179648K
  class space    used 8705K, committed 9408K, reserved 1048576K
}
Event: 2244.447 GC heap after
{Heap after GC invocations=1368 (full 5):
 PSYoungGen      total 10240K, used 224K [0x00000000d5580000, 0x00000000d6180000, 0x0000000100000000)
  eden space 9728K, 0% used [0x00000000d5580000,0x00000000d5580000,0x00000000d5f00000)
  from space 512K, 43% used [0x00000000d6080000,0x00000000d60b8000,0x00000000d6100000)
  to   space 512K, 0% used [0x00000000d6100000,0x00000000d6100000,0x00000000d6180000)
 ParOldGen       total 719872K, used 271307K [0x0000000080000000, 0x00000000abf00000, 0x00000000d5580000)
  object space 719872K, 37% used [0x0000000080000000,0x00000000908f2ee0,0x00000000abf00000)
 Metaspace       used 86852K, committed 88384K, reserved 1179648K
  class space    used 8705K, committed 9408K, reserved 1048576K
}
Event: 2244.466 GC heap before
{Heap before GC invocations=1369 (full 5):
 PSYoungGen      total 10240K, used 9952K [0x00000000d5580000, 0x00000000d6180000, 0x0000000100000000)
  eden space 9728K, 100% used [0x00000000d5580000,0x00000000d5f00000,0x00000000d5f00000)
  from space 512K, 43% used [0x00000000d6080000,0x00000000d60b8000,0x00000000d6100000)
  to   space 512K, 0% used [0x00000000d6100000,0x00000000d6100000,0x00000000d6180000)
 ParOldGen       total 719872K, used 271307K [0x0000000080000000, 0x00000000abf00000, 0x00000000d5580000)
  object space 719872K, 37% used [0x0000000080000000,0x00000000908f2ee0,0x00000000abf00000)
 Metaspace       used 86853K, committed 88384K, reserved 1179648K
  class space    used 8705K, committed 9408K, reserved 1048576K
}
Event: 2244.468 GC heap after
{Heap after GC invocations=1369 (full 5):
 PSYoungGen      total 10240K, used 416K [0x00000000d5580000, 0x00000000d6180000, 0x0000000100000000)
  eden space 9728K, 0% used [0x00000000d5580000,0x00000000d5580000,0x00000000d5f00000)
  from space 512K, 81% used [0x00000000d6100000,0x00000000d6168000,0x00000000d6180000)
  to   space 512K, 0% used [0x00000000d6080000,0x00000000d6080000,0x00000000d6100000)
 ParOldGen       total 719872K, used 271379K [0x0000000080000000, 0x00000000abf00000, 0x00000000d5580000)
  object space 719872K, 37% used [0x0000000080000000,0x0000000090904ef0,0x00000000abf00000)
 Metaspace       used 86853K, committed 88384K, reserved 1179648K
  class space    used 8705K, committed 9408K, reserved 1048576K
}
Event: 2244.585 GC heap before
{Heap before GC invocations=1370 (full 5):
 PSYoungGen      total 10240K, used 10144K [0x00000000d5580000, 0x00000000d6180000, 0x0000000100000000)
  eden space 9728K, 100% used [0x00000000d5580000,0x00000000d5f00000,0x00000000d5f00000)
  from space 512K, 81% used [0x00000000d6100000,0x00000000d6168000,0x00000000d6180000)
  to   space 512K, 0% used [0x00000000d6080000,0x00000000d6080000,0x00000000d6100000)
 ParOldGen       total 719872K, used 271379K [0x0000000080000000, 0x00000000abf00000, 0x00000000d5580000)
  object space 719872K, 37% used [0x0000000080000000,0x0000000090904ef0,0x00000000abf00000)
 Metaspace       used 86853K, committed 88384K, reserved 1179648K
  class space    used 8705K, committed 9408K, reserved 1048576K
}
Event: 2244.587 GC heap after
{Heap after GC invocations=1370 (full 5):
 PSYoungGen      total 10240K, used 288K [0x00000000d5580000, 0x00000000d6180000, 0x0000000100000000)
  eden space 9728K, 0% used [0x00000000d5580000,0x00000000d5580000,0x00000000d5f00000)
  from space 512K, 56% used [0x00000000d6080000,0x00000000d60c8000,0x00000000d6100000)
  to   space 512K, 0% used [0x00000000d6100000,0x00000000d6100000,0x00000000d6180000)
 ParOldGen       total 719872K, used 271395K [0x0000000080000000, 0x00000000abf00000, 0x00000000d5580000)
  object space 719872K, 37% used [0x0000000080000000,0x0000000090908ef0,0x00000000abf00000)
 Metaspace       used 86853K, committed 88384K, reserved 1179648K
  class space    used 8705K, committed 9408K, reserved 1048576K
}
Event: 2244.635 GC heap before
{Heap before GC invocations=1371 (full 5):
 PSYoungGen      total 10240K, used 10016K [0x00000000d5580000, 0x00000000d6180000, 0x0000000100000000)
  eden space 9728K, 100% used [0x00000000d5580000,0x00000000d5f00000,0x00000000d5f00000)
  from space 512K, 56% used [0x00000000d6080000,0x00000000d60c8000,0x00000000d6100000)
  to   space 512K, 0% used [0x00000000d6100000,0x00000000d6100000,0x00000000d6180000)
 ParOldGen       total 719872K, used 271395K [0x0000000080000000, 0x00000000abf00000, 0x00000000d5580000)
  object space 719872K, 37% used [0x0000000080000000,0x0000000090908ef0,0x00000000abf00000)
 Metaspace       used 86853K, committed 88384K, reserved 1179648K
  class space    used 8705K, committed 9408K, reserved 1048576K
}
Event: 2244.636 GC heap after
{Heap after GC invocations=1371 (full 5):
 PSYoungGen      total 10240K, used 361K [0x00000000d5580000, 0x00000000d6180000, 0x0000000100000000)
  eden space 9728K, 0% used [0x00000000d5580000,0x00000000d5580000,0x00000000d5f00000)
  from space 512K, 70% used [0x00000000d6100000,0x00000000d615a400,0x00000000d6180000)
  to   space 512K, 0% used [0x00000000d6080000,0x00000000d6080000,0x00000000d6100000)
 ParOldGen       total 719872K, used 271443K [0x0000000080000000, 0x00000000abf00000, 0x00000000d5580000)
  object space 719872K, 37% used [0x0000000080000000,0x0000000090914ef0,0x00000000abf00000)
 Metaspace       used 86853K, committed 88384K, reserved 1179648K
  class space    used 8705K, committed 9408K, reserved 1048576K
}

