# JRE version: OpenJDK Runtime Environment Temurin-21.0.9+10 (21.0.9+10) (build 21.0.9+10-LTS)
# Java VM: OpenJDK 64-Bit Server VM Temurin-21.0.9+10 (21.0.9+10-LTS, mixed mode, sharing, tiered, compressed oops, compressed class ptrs, parallel gc, windows-amd64)
GC Precious Log:
 CardTable entry size: 512
 CPUs: 8 total, 8 available
 Memory: 16161M
 Large Page Support: Disabled
 NUMA Support: Disabled
 Compressed Oops: Enabled (32-bit)
 Alignments: Space 512K, Generation 512K, Heap 2M
 Heap Min Capacity: 100M
 Heap Initial Capacity: 100M
 Heap Max Capacity: 2G
 Pre-touch: Disabled
 Parallel Workers: 8
Heap:
 PSYoungGen      total 5120K, used 1413K [0x00000000d5580000, 0x00000000d5c00000, 0x0000000100000000)
  eden space 4096K, 29% used [0x00000000d5580000,0x00000000d56a9790,0x00000000d5980000)
  from space 1024K, 21% used [0x00000000d5a80000,0x00000000d5ab8000,0x00000000d5b80000)
  to   space 512K, 0% used [0x00000000d5b80000,0x00000000d5b80000,0x00000000d5c00000)
 ParOldGen       total 611840K, used 159793K [0x0000000080000000, 0x00000000a5580000, 0x00000000d5580000)
  object space 611840K, 26% used [0x0000000080000000,0x0000000089c0c6c0,0x00000000a5580000)
 Metaspace       used 91454K, committed 93568K, reserved 1179648K
  class space    used 9396K, committed 10304K, reserved 1048576K
GC Heap History (20 events):
Event: 5874.996 GC heap before
{Heap before GC invocations=1541 (full 5):
 PSYoungGen      total 4608K, used 4576K [0x00000000d5580000, 0x00000000d5d80000, 0x0000000100000000)
  eden space 4096K, 100% used [0x00000000d5580000,0x00000000d5980000,0x00000000d5980000)
  from space 512K, 93% used [0x00000000d5c80000,0x00000000d5cf8020,0x00000000d5d00000)
  to   space 512K, 0% used [0x00000000d5d00000,0x00000000d5d00000,0x00000000d5d80000)
 ParOldGen       total 611840K, used 156755K [0x0000000080000000, 0x00000000a5580000, 0x00000000d5580000)
  object space 611840K, 25% used [0x0000000080000000,0x0000000089914ee0,0x00000000a5580000)
 Metaspace       used 91401K, committed 93568K, reserved 1179648K
  class space    used 9394K, committed 10304K, reserved 1048576K
}
Event: 5874.997 GC heap after
{Heap after GC invocations=1541 (full 5):
 PSYoungGen      total 4608K, used 512K [0x00000000d5580000, 0x00000000d5d80000, 0x0000000100000000)
  eden space 4096K, 0% used [0x00000000d5580000,0x00000000d5580000,0x00000000d5980000)
  from space 512K, 100% used [0x00000000d5d00000,0x00000000d5d80000,0x00000000d5d80000)
  to   space 1024K, 0% used [0x00000000d5b80000,0x00000000d5b80000,0x00000000d5c80000)
 ParOldGen       total 611840K, used 157163K [0x0000000080000000, 0x00000000a5580000, 0x00000000d5580000)
  object space 611840K, 25% used [0x0000000080000000,0x000000008997af20,0x00000000a5580000)
 Metaspace       used 91401K, committed 93568K, reserved 1179648K
  class space    used 9394K, committed 10304K, reserved 1048576K
}
Event: 5989.135 GC heap before
{Heap before GC invocations=1542 (full 5):
 PSYoungGen      total 4608K, used 4608K [0x00000000d5580000, 0x00000000d5d80000, 0x0000000100000000)
  eden space 4096K, 100% used [0x00000000d5580000,0x00000000d5980000,0x00000000d5980000)
  from space 512K, 100% used [0x00000000d5d00000,0x00000000d5d80000,0x00000000d5d80000)
  to   space 1024K, 0% used [0x00000000d5b80000,0x00000000d5b80000,0x00000000d5c80000)
 ParOldGen       total 611840K, used 157163K [0x0000000080000000, 0x00000000a5580000, 0x00000000d5580000)
  object space 611840K, 25% used [0x0000000080000000,0x000000008997af20,0x00000000a5580000)
 Metaspace       used 91405K, committed 93568K, reserved 1179648K
  class space    used 9394K, committed 10304K, reserved 1048576K
}
Event: 5989.137 GC heap after
{Heap after GC invocations=1542 (full 5):
 PSYoungGen      total 5120K, used 564K [0x00000000d5580000, 0x00000000d5d80000, 0x0000000100000000)
  eden space 4096K, 0% used [0x00000000d5580000,0x00000000d5580000,0x00000000d5980000)
  from space 1024K, 55% used [0x00000000d5b80000,0x00000000d5c0d220,0x00000000d5c80000)
  to   space 1024K, 0% used [0x00000000d5c80000,0x00000000d5c80000,0x00000000d5d80000)
 ParOldGen       total 611840K, used 157561K [0x0000000080000000, 0x00000000a5580000, 0x00000000d5580000)
  object space 611840K, 25% used [0x0000000080000000,0x00000000899de6a0,0x00000000a5580000)
 Metaspace       used 91405K, committed 93568K, reserved 1179648K
  class space    used 9394K, committed 10304K, reserved 1048576K
}
Event: 5989.147 GC heap before
{Heap before GC invocations=1543 (full 5):
 PSYoungGen      total 5120K, used 4660K [0x00000000d5580000, 0x00000000d5d80000, 0x0000000100000000)
  eden space 4096K, 100% used [0x00000000d5580000,0x00000000d5980000,0x00000000d5980000)
  from space 1024K, 55% used [0x00000000d5b80000,0x00000000d5c0d220,0x00000000d5c80000)
  to   space 1024K, 0% used [0x00000000d5c80000,0x00000000d5c80000,0x00000000d5d80000)
 ParOldGen       total 611840K, used 157561K [0x0000000080000000, 0x00000000a5580000, 0x00000000d5580000)
  object space 611840K, 25% used [0x0000000080000000,0x00000000899de6a0,0x00000000a5580000)
 Metaspace       used 91405K, committed 93568K, reserved 1179648K
  class space    used 9394K, committed 10304K, reserved 1048576K
}
Event: 5989.148 GC heap after
{Heap after GC invocations=1543 (full 5):
 PSYoungGen      total 5120K, used 998K [0x00000000d5580000, 0x00000000d5d80000, 0x0000000100000000)
  eden space 4096K, 0% used [0x00000000d5580000,0x00000000d5580000,0x00000000d5980000)
  from space 1024K, 97% used [0x00000000d5c80000,0x00000000d5d79990,0x00000000d5d80000)
  to   space 2048K, 0% used [0x00000000d5980000,0x00000000d5980000,0x00000000d5b80000)
 ParOldGen       total 611840K, used 158026K [0x0000000080000000, 0x00000000a5580000, 0x00000000d5580000)
  object space 611840K, 25% used [0x0000000080000000,0x0000000089a52b50,0x00000000a5580000)
 Metaspace       used 91405K, committed 93568K, reserved 1179648K
  class space    used 9394K, committed 10304K, reserved 1048576K
}
Event: 5990.709 GC heap before
{Heap before GC invocations=1544 (full 5):
 PSYoungGen      total 5120K, used 5094K [0x00000000d5580000, 0x00000000d5d80000, 0x0000000100000000)
  eden space 4096K, 100% used [0x00000000d5580000,0x00000000d5980000,0x00000000d5980000)
  from space 1024K, 97% used [0x00000000d5c80000,0x00000000d5d79990,0x00000000d5d80000)
  to   space 2048K, 0% used [0x00000000d5980000,0x00000000d5980000,0x00000000d5b80000)
 ParOldGen       total 611840K, used 158026K [0x0000000080000000, 0x00000000a5580000, 0x00000000d5580000)
  object space 611840K, 25% used [0x0000000080000000,0x0000000089a52b50,0x00000000a5580000)
 Metaspace       used 91427K, committed 93568K, reserved 1179648K
  class space    used 9396K, committed 10304K, reserved 1048576K
}
Event: 5990.710 GC heap after
{Heap after GC invocations=1544 (full 5):
 PSYoungGen      total 6144K, used 601K [0x00000000d5580000, 0x00000000d5d00000, 0x0000000100000000)
  eden space 4096K, 0% used [0x00000000d5580000,0x00000000d5580000,0x00000000d5980000)
  from space 2048K, 29% used [0x00000000d5980000,0x00000000d5a16410,0x00000000d5b80000)
  to   space 1024K, 0% used [0x00000000d5c00000,0x00000000d5c00000,0x00000000d5d00000)
 ParOldGen       total 611840K, used 158514K [0x0000000080000000, 0x00000000a5580000, 0x00000000d5580000)
  object space 611840K, 25% used [0x0000000080000000,0x0000000089accb60,0x00000000a5580000)
 Metaspace       used 91427K, committed 93568K, reserved 1179648K
  class space    used 9396K, committed 10304K, reserved 1048576K
}
Event: 5990.723 GC heap before
{Heap before GC invocations=1545 (full 5):
 PSYoungGen      total 6144K, used 4697K [0x00000000d5580000, 0x00000000d5d00000, 0x0000000100000000)
  eden space 4096K, 100% used [0x00000000d5580000,0x00000000d5980000,0x00000000d5980000)
  from space 2048K, 29% used [0x00000000d5980000,0x00000000d5a16410,0x00000000d5b80000)
  to   space 1024K, 0% used [0x00000000d5c00000,0x00000000d5c00000,0x00000000d5d00000)
 ParOldGen       total 611840K, used 158514K [0x0000000080000000, 0x00000000a5580000, 0x00000000d5580000)
  object space 611840K, 25% used [0x0000000080000000,0x0000000089accb60,0x00000000a5580000)
 Metaspace       used 91428K, committed 93568K, reserved 1179648K
  class space    used 9396K, committed 10304K, reserved 1048576K
}
Event: 5990.724 GC heap after
{Heap after GC invocations=1545 (full 5):
 PSYoungGen      total 4608K, used 298K [0x00000000d5580000, 0x00000000d5c80000, 0x0000000100000000)
  eden space 4096K, 0% used [0x00000000d5580000,0x00000000d5580000,0x00000000d5980000)
  from space 512K, 58% used [0x00000000d5c00000,0x00000000d5c4a910,0x00000000d5c80000)
  to   space 512K, 0% used [0x00000000d5b80000,0x00000000d5b80000,0x00000000d5c00000)
 ParOldGen       total 611840K, used 158824K [0x0000000080000000, 0x00000000a5580000, 0x00000000d5580000)
  object space 611840K, 25% used [0x0000000080000000,0x0000000089b1a280,0x00000000a5580000)
 Metaspace       used 91428K, committed 93568K, reserved 1179648K
  class space    used 9396K, committed 10304K, reserved 1048576K
}
Event: 6018.091 GC heap before
{Heap before GC invocations=1546 (full 5):
 PSYoungGen      total 4608K, used 4394K [0x00000000d5580000, 0x00000000d5c80000, 0x0000000100000000)
  eden space 4096K, 100% used [0x00000000d5580000,0x00000000d5980000,0x00000000d5980000)
  from space 512K, 58% used [0x00000000d5c00000,0x00000000d5c4a910,0x00000000d5c80000)
  to   space 512K, 0% used [0x00000000d5b80000,0x00000000d5b80000,0x00000000d5c00000)
 ParOldGen       total 611840K, used 158824K [0x0000000080000000, 0x00000000a5580000, 0x00000000d5580000)
  object space 611840K, 25% used [0x0000000080000000,0x0000000089b1a280,0x00000000a5580000)
 Metaspace       used 91431K, committed 93568K, reserved 1179648K
  class space    used 9396K, committed 10304K, reserved 1048576K
}
Event: 6018.092 GC heap after
{Heap after GC invocations=1546 (full 5):
 PSYoungGen      total 4608K, used 224K [0x00000000d5580000, 0x00000000d5c80000, 0x0000000100000000)
  eden space 4096K, 0% used [0x00000000d5580000,0x00000000d5580000,0x00000000d5980000)
  from space 512K, 43% used [0x00000000d5b80000,0x00000000d5bb8000,0x00000000d5c00000)
  to   space 512K, 0% used [0x00000000d5c00000,0x00000000d5c00000,0x00000000d5c80000)
 ParOldGen       total 611840K, used 158888K [0x0000000080000000, 0x00000000a5580000, 0x00000000d5580000)
  object space 611840K, 25% used [0x0000000080000000,0x0000000089b2a290,0x00000000a5580000)
 Metaspace       used 91431K, committed 93568K, reserved 1179648K
  class space    used 9396K, committed 10304K, reserved 1048576K
}
Event: 6018.102 GC heap before
{Heap before GC invocations=1547 (full 5):
 PSYoungGen      total 4608K, used 4320K [0x00000000d5580000, 0x00000000d5c80000, 0x0000000100000000)
  eden space 4096K, 100% used [0x00000000d5580000,0x00000000d5980000,0x00000000d5980000)
  from space 512K, 43% used [0x00000000d5b80000,0x00000000d5bb8000,0x00000000d5c00000)
  to   space 512K, 0% used [0x00000000d5c00000,0x00000000d5c00000,0x00000000d5c80000)
 ParOldGen       total 611840K, used 158888K [0x0000000080000000, 0x00000000a5580000, 0x00000000d5580000)
  object space 611840K, 25% used [0x0000000080000000,0x0000000089b2a290,0x00000000a5580000)
 Metaspace       used 91431K, committed 93568K, reserved 1179648K
  class space    used 9396K, committed 10304K, reserved 1048576K
}
Event: 6018.103 GC heap after
{Heap after GC invocations=1547 (full 5):
 PSYoungGen      total 4608K, used 489K [0x00000000d5580000, 0x00000000d5c80000, 0x0000000100000000)
  eden space 4096K, 0% used [0x00000000d5580000,0x00000000d5580000,0x00000000d5980000)
  from space 512K, 95% used [0x00000000d5c00000,0x00000000d5c7a708,0x00000000d5c80000)
  to   space 1024K, 0% used [0x00000000d5a80000,0x00000000d5a80000,0x00000000d5b80000)
 ParOldGen       total 611840K, used 159096K [0x0000000080000000, 0x00000000a5580000, 0x00000000d5580000)
  object space 611840K, 26% used [0x0000000080000000,0x0000000089b5e290,0x00000000a5580000)
 Metaspace       used 91431K, committed 93568K, reserved 1179648K
  class space    used 9396K, committed 10304K, reserved 1048576K
}
Event: 6019.529 GC heap before
{Heap before GC invocations=1548 (full 5):
 PSYoungGen      total 4608K, used 4585K [0x00000000d5580000, 0x00000000d5c80000, 0x0000000100000000)
  eden space 4096K, 100% used [0x00000000d5580000,0x00000000d5980000,0x00000000d5980000)
  from space 512K, 95% used [0x00000000d5c00000,0x00000000d5c7a708,0x00000000d5c80000)
  to   space 1024K, 0% used [0x00000000d5a80000,0x00000000d5a80000,0x00000000d5b80000)
 ParOldGen       total 611840K, used 159096K [0x0000000080000000, 0x00000000a5580000, 0x00000000d5580000)
  object space 611840K, 26% used [0x0000000080000000,0x0000000089b5e290,0x00000000a5580000)
 Metaspace       used 91432K, committed 93568K, reserved 1179648K
  class space    used 9396K, committed 10304K, reserved 1048576K
}
Event: 6019.531 GC heap after
{Heap after GC invocations=1548 (full 5):
 PSYoungGen      total 5120K, used 745K [0x00000000d5580000, 0x00000000d5c80000, 0x0000000100000000)
  eden space 4096K, 0% used [0x00000000d5580000,0x00000000d5580000,0x00000000d5980000)
  from space 1024K, 72% used [0x00000000d5a80000,0x00000000d5b3a400,0x00000000d5b80000)
  to   space 1024K, 0% used [0x00000000d5b80000,0x00000000d5b80000,0x00000000d5c80000)
 ParOldGen       total 611840K, used 159557K [0x0000000080000000, 0x00000000a5580000, 0x00000000d5580000)
  object space 611840K, 26% used [0x0000000080000000,0x0000000089bd14c0,0x00000000a5580000)
 Metaspace       used 91432K, committed 93568K, reserved 1179648K
  class space    used 9396K, committed 10304K, reserved 1048576K
}
Event: 6019.545 GC heap before
{Heap before GC invocations=1549 (full 5):
 PSYoungGen      total 5120K, used 4841K [0x00000000d5580000, 0x00000000d5c80000, 0x0000000100000000)
  eden space 4096K, 100% used [0x00000000d5580000,0x00000000d5980000,0x00000000d5980000)
  from space 1024K, 72% used [0x00000000d5a80000,0x00000000d5b3a400,0x00000000d5b80000)
  to   space 1024K, 0% used [0x00000000d5b80000,0x00000000d5b80000,0x00000000d5c80000)
 ParOldGen       total 611840K, used 159557K [0x0000000080000000, 0x00000000a5580000, 0x00000000d5580000)
  object space 611840K, 26% used [0x0000000080000000,0x0000000089bd14c0,0x00000000a5580000)
 Metaspace       used 91435K, committed 93568K, reserved 1179648K
  class space    used 9396K, committed 10304K, reserved 1048576K
}
Event: 6019.546 GC heap after
{Heap after GC invocations=1549 (full 5):
 PSYoungGen      total 5120K, used 698K [0x00000000d5580000, 0x00000000d5c80000, 0x0000000100000000)
  eden space 4096K, 0% used [0x00000000d5580000,0x00000000d5580000,0x00000000d5980000)
  from space 1024K, 68% used [0x00000000d5b80000,0x00000000d5c2e900,0x00000000d5c80000)
  to   space 1024K, 0% used [0x00000000d5a80000,0x00000000d5a80000,0x00000000d5b80000)
 ParOldGen       total 611840K, used 159753K [0x0000000080000000, 0x00000000a5580000, 0x00000000d5580000)
  object space 611840K, 26% used [0x0000000080000000,0x0000000089c026c0,0x00000000a5580000)
 Metaspace       used 91435K, committed 93568K, reserved 1179648K
  class space    used 9396K, committed 10304K, reserved 1048576K
}
Event: 6295.443 GC heap before
{Heap before GC invocations=1550 (full 5):
 PSYoungGen      total 5120K, used 4794K [0x00000000d5580000, 0x00000000d5c80000, 0x0000000100000000)
  eden space 4096K, 100% used [0x00000000d5580000,0x00000000d5980000,0x00000000d5980000)
  from space 1024K, 68% used [0x00000000d5b80000,0x00000000d5c2e900,0x00000000d5c80000)
  to   space 1024K, 0% used [0x00000000d5a80000,0x00000000d5a80000,0x00000000d5b80000)
 ParOldGen       total 611840K, used 159753K [0x0000000080000000, 0x00000000a5580000, 0x00000000d5580000)
  object space 611840K, 26% used [0x0000000080000000,0x0000000089c026c0,0x00000000a5580000)
 Metaspace       used 91454K, committed 93568K, reserved 1179648K
  class space    used 9396K, committed 10304K, reserved 1048576K
}
Event: 6295.444 GC heap after
{Heap after GC invocations=1550 (full 5):
 PSYoungGen      total 5120K, used 224K [0x00000000d5580000, 0x00000000d5c00000, 0x0000000100000000)
  eden space 4096K, 0% used [0x00000000d5580000,0x00000000d5580000,0x00000000d5980000)
  from space 1024K, 21% used [0x00000000d5a80000,0x00000000d5ab8000,0x00000000d5b80000)
  to   space 512K, 0% used [0x00000000d5b80000,0x00000000d5b80000,0x00000000d5c00000)
 ParOldGen       total 611840K, used 159793K [0x0000000080000000, 0x00000000a5580000, 0x00000000d5580000)
  object space 611840K, 26% used [0x0000000080000000,0x0000000089c0c6c0,0x00000000a5580000)
 Metaspace       used 91454K, committed 93568K, reserved 1179648K
  class space    used 9396K, committed 10304K, reserved 1048576K
}

