# JRE version: OpenJDK Runtime Environment Temurin-21.0.9+10 (21.0.9+10) (build 21.0.9+10-LTS)
# Java VM: OpenJDK 64-Bit Server VM Temurin-21.0.9+10 (21.0.9+10-LTS, mixed mode, sharing, tiered, compressed oops, compressed class ptrs, parallel gc, windows-amd64)
GC Precious Log:
 CardTable entry size: 512
 CPUs: 8 total, 8 available
 Memory: 16161M
 Large Page Support: Disabled
 NUMA Support: Disabled
 Compressed Oops: Enabled (32-bit)
 Alignments: Space 512K, Generation 512K, Heap 2M
 Heap Min Capacity: 100M
 Heap Initial Capacity: 100M
 Heap Max Capacity: 2G
 Pre-touch: Disabled
 Parallel Workers: 8
Heap:
 PSYoungGen      total 26624K, used 17607K [0x00000000d5580000, 0x00000000d7600000, 0x0000000100000000)
  eden space 23040K, 63% used [0x00000000d5580000,0x00000000d63ae530,0x00000000d6c00000)
  from space 3584K, 86% used [0x00000000d7280000,0x00000000d7583858,0x00000000d7600000)
  to   space 4096K, 0% used [0x00000000d6e00000,0x00000000d6e00000,0x00000000d7200000)
 ParOldGen       total 68608K, used 21002K [0x0000000080000000, 0x0000000084300000, 0x00000000d5580000)
  object space 68608K, 30% used [0x0000000080000000,0x0000000081482ae0,0x0000000084300000)
 Metaspace       used 31767K, committed 32704K, reserved 1114112K
  class space    used 3186K, committed 3584K, reserved 1048576K
GC Heap History (20 events):
Event: 3.860 GC heap before
{Heap before GC invocations=2 (full 0):
 PSYoungGen      total 29696K, used 28919K [0x00000000d5580000, 0x00000000d7680000, 0x0000000100000000)
  eden space 25600K, 100% used [0x00000000d5580000,0x00000000d6e80000,0x00000000d6e80000)
  from space 4096K, 81% used [0x00000000d6e80000,0x00000000d71bdea8,0x00000000d7280000)
  to   space 4096K, 0% used [0x00000000d7280000,0x00000000d7280000,0x00000000d7680000)
 ParOldGen       total 68608K, used 16K [0x0000000080000000, 0x0000000084300000, 0x00000000d5580000)
  object space 68608K, 0% used [0x0000000080000000,0x0000000080004000,0x0000000084300000)
 Metaspace       used 8196K, committed 8448K, reserved 1114112K
  class space    used 875K, committed 1024K, reserved 1048576K
}
Event: 3.867 GC heap after
{Heap after GC invocations=2 (full 0):
 PSYoungGen      total 29696K, used 4075K [0x00000000d5580000, 0x00000000d7680000, 0x0000000100000000)
  eden space 25600K, 0% used [0x00000000d5580000,0x00000000d5580000,0x00000000d6e80000)
  from space 4096K, 99% used [0x00000000d7280000,0x00000000d767aff8,0x00000000d7680000)
  to   space 4096K, 0% used [0x00000000d6e80000,0x00000000d6e80000,0x00000000d7280000)
 ParOldGen       total 68608K, used 1123K [0x0000000080000000, 0x0000000084300000, 0x00000000d5580000)
  object space 68608K, 1% used [0x0000000080000000,0x0000000080118ec8,0x0000000084300000)
 Metaspace       used 8196K, committed 8448K, reserved 1114112K
  class space    used 875K, committed 1024K, reserved 1048576K
}
Event: 4.950 GC heap before
{Heap before GC invocations=3 (full 0):
 PSYoungGen      total 29696K, used 29675K [0x00000000d5580000, 0x00000000d7680000, 0x0000000100000000)
  eden space 25600K, 100% used [0x00000000d5580000,0x00000000d6e80000,0x00000000d6e80000)
  from space 4096K, 99% used [0x00000000d7280000,0x00000000d767aff8,0x00000000d7680000)
  to   space 4096K, 0% used [0x00000000d6e80000,0x00000000d6e80000,0x00000000d7280000)
 ParOldGen       total 68608K, used 1123K [0x0000000080000000, 0x0000000084300000, 0x00000000d5580000)
  object space 68608K, 1% used [0x0000000080000000,0x0000000080118ec8,0x0000000084300000)
 Metaspace       used 13049K, committed 13696K, reserved 1114112K
  class space    used 1385K, committed 1664K, reserved 1048576K
}
Event: 4.956 GC heap after
{Heap after GC invocations=3 (full 0):
 PSYoungGen      total 29696K, used 4073K [0x00000000d5580000, 0x00000000d7680000, 0x0000000100000000)
  eden space 25600K, 0% used [0x00000000d5580000,0x00000000d5580000,0x00000000d6e80000)
  from space 4096K, 99% used [0x00000000d6e80000,0x00000000d727a758,0x00000000d7280000)
  to   space 4096K, 0% used [0x00000000d7280000,0x00000000d7280000,0x00000000d7680000)
 ParOldGen       total 68608K, used 2857K [0x0000000080000000, 0x0000000084300000, 0x00000000d5580000)
  object space 68608K, 4% used [0x0000000080000000,0x00000000802ca748,0x0000000084300000)
 Metaspace       used 13049K, committed 13696K, reserved 1114112K
  class space    used 1385K, committed 1664K, reserved 1048576K
}
Event: 6.362 GC heap before
{Heap before GC invocations=4 (full 0):
 PSYoungGen      total 29696K, used 29673K [0x00000000d5580000, 0x00000000d7680000, 0x0000000100000000)
  eden space 25600K, 100% used [0x00000000d5580000,0x00000000d6e80000,0x00000000d6e80000)
  from space 4096K, 99% used [0x00000000d6e80000,0x00000000d727a758,0x00000000d7280000)
  to   space 4096K, 0% used [0x00000000d7280000,0x00000000d7280000,0x00000000d7680000)
 ParOldGen       total 68608K, used 2857K [0x0000000080000000, 0x0000000084300000, 0x00000000d5580000)
  object space 68608K, 4% used [0x0000000080000000,0x00000000802ca748,0x0000000084300000)
 Metaspace       used 14154K, committed 14720K, reserved 1114112K
  class space    used 1499K, committed 1728K, reserved 1048576K
}
Event: 6.374 GC heap after
{Heap after GC invocations=4 (full 0):
 PSYoungGen      total 29696K, used 4089K [0x00000000d5580000, 0x00000000d7680000, 0x0000000100000000)
  eden space 25600K, 0% used [0x00000000d5580000,0x00000000d5580000,0x00000000d6e80000)
  from space 4096K, 99% used [0x00000000d7280000,0x00000000d767e728,0x00000000d7680000)
  to   space 4096K, 0% used [0x00000000d6e80000,0x00000000d6e80000,0x00000000d7280000)
 ParOldGen       total 68608K, used 11151K [0x0000000080000000, 0x0000000084300000, 0x00000000d5580000)
  object space 68608K, 16% used [0x0000000080000000,0x0000000080ae3f88,0x0000000084300000)
 Metaspace       used 14154K, committed 14720K, reserved 1114112K
  class space    used 1499K, committed 1728K, reserved 1048576K
}
Event: 8.924 GC heap before
{Heap before GC invocations=5 (full 0):
 PSYoungGen      total 29696K, used 29526K [0x00000000d5580000, 0x00000000d7680000, 0x0000000100000000)
  eden space 25600K, 99% used [0x00000000d5580000,0x00000000d6e57180,0x00000000d6e80000)
  from space 4096K, 99% used [0x00000000d7280000,0x00000000d767e728,0x00000000d7680000)
  to   space 4096K, 0% used [0x00000000d6e80000,0x00000000d6e80000,0x00000000d7280000)
 ParOldGen       total 68608K, used 11151K [0x0000000080000000, 0x0000000084300000, 0x00000000d5580000)
  object space 68608K, 16% used [0x0000000080000000,0x0000000080ae3f88,0x0000000084300000)
 Metaspace       used 17353K, committed 18048K, reserved 1114112K
  class space    used 1811K, committed 2112K, reserved 1048576K
}
Event: 8.933 GC heap after
{Heap after GC invocations=5 (full 0):
 PSYoungGen      total 29184K, used 4094K [0x00000000d5580000, 0x00000000d8000000, 0x0000000100000000)
  eden space 25088K, 0% used [0x00000000d5580000,0x00000000d5580000,0x00000000d6e00000)
  from space 4096K, 99% used [0x00000000d6e80000,0x00000000d727fb30,0x00000000d7280000)
  to   space 9216K, 0% used [0x00000000d7700000,0x00000000d7700000,0x00000000d8000000)
 ParOldGen       total 68608K, used 13939K [0x0000000080000000, 0x0000000084300000, 0x00000000d5580000)
  object space 68608K, 20% used [0x0000000080000000,0x0000000080d9cff8,0x0000000084300000)
 Metaspace       used 17353K, committed 18048K, reserved 1114112K
  class space    used 1811K, committed 2112K, reserved 1048576K
}
Event: 9.676 GC heap before
{Heap before GC invocations=6 (full 0):
 PSYoungGen      total 29184K, used 26603K [0x00000000d5580000, 0x00000000d8000000, 0x0000000100000000)
  eden space 25088K, 89% used [0x00000000d5580000,0x00000000d6b7b3b0,0x00000000d6e00000)
  from space 4096K, 99% used [0x00000000d6e80000,0x00000000d727fb30,0x00000000d7280000)
  to   space 9216K, 0% used [0x00000000d7700000,0x00000000d7700000,0x00000000d8000000)
 ParOldGen       total 68608K, used 13939K [0x0000000080000000, 0x0000000084300000, 0x00000000d5580000)
  object space 68608K, 20% used [0x0000000080000000,0x0000000080d9cff8,0x0000000084300000)
 Metaspace       used 20853K, committed 21504K, reserved 1114112K
  class space    used 2055K, committed 2368K, reserved 1048576K
}
Event: 9.687 GC heap after
{Heap after GC invocations=6 (full 0):
 PSYoungGen      total 30208K, used 5061K [0x00000000d5580000, 0x00000000d7c00000, 0x0000000100000000)
  eden space 25088K, 0% used [0x00000000d5580000,0x00000000d5580000,0x00000000d6e00000)
  from space 5120K, 98% used [0x00000000d7700000,0x00000000d7bf1648,0x00000000d7c00000)
  to   space 6144K, 0% used [0x00000000d7000000,0x00000000d7000000,0x00000000d7600000)
 ParOldGen       total 68608K, used 13947K [0x0000000080000000, 0x0000000084300000, 0x00000000d5580000)
  object space 68608K, 20% used [0x0000000080000000,0x0000000080d9eff8,0x0000000084300000)
 Metaspace       used 20853K, committed 21504K, reserved 1114112K
  class space    used 2055K, committed 2368K, reserved 1048576K
}
Event: 9.687 GC heap before
{Heap before GC invocations=7 (full 1):
 PSYoungGen      total 30208K, used 5061K [0x00000000d5580000, 0x00000000d7c00000, 0x0000000100000000)
  eden space 25088K, 0% used [0x00000000d5580000,0x00000000d5580000,0x00000000d6e00000)
  from space 5120K, 98% used [0x00000000d7700000,0x00000000d7bf1648,0x00000000d7c00000)
  to   space 6144K, 0% used [0x00000000d7000000,0x00000000d7000000,0x00000000d7600000)
 ParOldGen       total 68608K, used 13947K [0x0000000080000000, 0x0000000084300000, 0x00000000d5580000)
  object space 68608K, 20% used [0x0000000080000000,0x0000000080d9eff8,0x0000000084300000)
 Metaspace       used 20853K, committed 21504K, reserved 1114112K
  class space    used 2055K, committed 2368K, reserved 1048576K
}
Event: 9.734 GC heap after
{Heap after GC invocations=7 (full 1):
 PSYoungGen      total 30208K, used 0K [0x00000000d5580000, 0x00000000d7c00000, 0x0000000100000000)
  eden space 25088K, 0% used [0x00000000d5580000,0x00000000d5580000,0x00000000d6e00000)
  from space 5120K, 0% used [0x00000000d7700000,0x00000000d7700000,0x00000000d7c00000)
  to   space 6144K, 0% used [0x00000000d7000000,0x00000000d7000000,0x00000000d7600000)
 ParOldGen       total 68608K, used 16623K [0x0000000080000000, 0x0000000084300000, 0x00000000d5580000)
  object space 68608K, 24% used [0x0000000080000000,0x000000008103bfd8,0x0000000084300000)
 Metaspace       used 20840K, committed 21504K, reserved 1114112K
  class space    used 2052K, committed 2368K, reserved 1048576K
}
Event: 11.079 GC heap before
{Heap before GC invocations=8 (full 1):
 PSYoungGen      total 30208K, used 25088K [0x00000000d5580000, 0x00000000d7c00000, 0x0000000100000000)
  eden space 25088K, 100% used [0x00000000d5580000,0x00000000d6e00000,0x00000000d6e00000)
  from space 5120K, 0% used [0x00000000d7700000,0x00000000d7700000,0x00000000d7c00000)
  to   space 6144K, 0% used [0x00000000d7000000,0x00000000d7000000,0x00000000d7600000)
 ParOldGen       total 68608K, used 16623K [0x0000000080000000, 0x0000000084300000, 0x00000000d5580000)
  object space 68608K, 24% used [0x0000000080000000,0x000000008103bfd8,0x0000000084300000)
 Metaspace       used 23073K, committed 23808K, reserved 1114112K
  class space    used 2237K, committed 2560K, reserved 1048576K
}
Event: 11.082 GC heap after
{Heap after GC invocations=8 (full 1):
 PSYoungGen      total 27136K, used 2355K [0x00000000d5580000, 0x00000000d7780000, 0x0000000100000000)
  eden space 24576K, 0% used [0x00000000d5580000,0x00000000d5580000,0x00000000d6d80000)
  from space 2560K, 92% used [0x00000000d7000000,0x00000000d724ccf0,0x00000000d7280000)
  to   space 3584K, 0% used [0x00000000d7400000,0x00000000d7400000,0x00000000d7780000)
 ParOldGen       total 68608K, used 16631K [0x0000000080000000, 0x0000000084300000, 0x00000000d5580000)
  object space 68608K, 24% used [0x0000000080000000,0x000000008103dfd8,0x0000000084300000)
 Metaspace       used 23073K, committed 23808K, reserved 1114112K
  class space    used 2237K, committed 2560K, reserved 1048576K
}
Event: 12.727 GC heap before
{Heap before GC invocations=9 (full 1):
 PSYoungGen      total 27136K, used 26931K [0x00000000d5580000, 0x00000000d7780000, 0x0000000100000000)
  eden space 24576K, 100% used [0x00000000d5580000,0x00000000d6d80000,0x00000000d6d80000)
  from space 2560K, 92% used [0x00000000d7000000,0x00000000d724ccf0,0x00000000d7280000)
  to   space 3584K, 0% used [0x00000000d7400000,0x00000000d7400000,0x00000000d7780000)
 ParOldGen       total 68608K, used 16631K [0x0000000080000000, 0x0000000084300000, 0x00000000d5580000)
  object space 68608K, 24% used [0x0000000080000000,0x000000008103dfd8,0x0000000084300000)
 Metaspace       used 26501K, committed 27392K, reserved 1114112K
  class space    used 2606K, committed 3008K, reserved 1048576K
}
Event: 12.732 GC heap after
{Heap after GC invocations=9 (full 1):
 PSYoungGen      total 27648K, used 3563K [0x00000000d5580000, 0x00000000d7780000, 0x0000000100000000)
  eden space 24064K, 0% used [0x00000000d5580000,0x00000000d5580000,0x00000000d6d00000)
  from space 3584K, 99% used [0x00000000d7400000,0x00000000d777ac78,0x00000000d7780000)
  to   space 5120K, 0% used [0x00000000d6d80000,0x00000000d6d80000,0x00000000d7280000)
 ParOldGen       total 68608K, used 17501K [0x0000000080000000, 0x0000000084300000, 0x00000000d5580000)
  object space 68608K, 25% used [0x0000000080000000,0x00000000811174e8,0x0000000084300000)
 Metaspace       used 26501K, committed 27392K, reserved 1114112K
  class space    used 2606K, committed 3008K, reserved 1048576K
}
Event: 13.759 GC heap before
{Heap before GC invocations=10 (full 1):
 PSYoungGen      total 27648K, used 27627K [0x00000000d5580000, 0x00000000d7780000, 0x0000000100000000)
  eden space 24064K, 100% used [0x00000000d5580000,0x00000000d6d00000,0x00000000d6d00000)
  from space 3584K, 99% used [0x00000000d7400000,0x00000000d777ac78,0x00000000d7780000)
  to   space 5120K, 0% used [0x00000000d6d80000,0x00000000d6d80000,0x00000000d7280000)
 ParOldGen       total 68608K, used 17501K [0x0000000080000000, 0x0000000084300000, 0x00000000d5580000)
  object space 68608K, 25% used [0x0000000080000000,0x00000000811174e8,0x0000000084300000)
 Metaspace       used 29689K, committed 30528K, reserved 1114112K
  class space    used 2972K, committed 3328K, reserved 1048576K
}
Event: 13.764 GC heap after
{Heap after GC invocations=10 (full 1):
 PSYoungGen      total 28672K, used 4948K [0x00000000d5580000, 0x00000000d7780000, 0x0000000100000000)
  eden space 23552K, 0% used [0x00000000d5580000,0x00000000d5580000,0x00000000d6c80000)
  from space 5120K, 96% used [0x00000000d6d80000,0x00000000d72551c0,0x00000000d7280000)
  to   space 5120K, 0% used [0x00000000d7280000,0x00000000d7280000,0x00000000d7780000)
 ParOldGen       total 68608K, used 17509K [0x0000000080000000, 0x0000000084300000, 0x00000000d5580000)
  object space 68608K, 25% used [0x0000000080000000,0x00000000811194e8,0x0000000084300000)
 Metaspace       used 29689K, committed 30528K, reserved 1114112K
  class space    used 2972K, committed 3328K, reserved 1048576K
}
Event: 15.262 GC heap before
{Heap before GC invocations=11 (full 1):
 PSYoungGen      total 28672K, used 28500K [0x00000000d5580000, 0x00000000d7780000, 0x0000000100000000)
  eden space 23552K, 100% used [0x00000000d5580000,0x00000000d6c80000,0x00000000d6c80000)
  from space 5120K, 96% used [0x00000000d6d80000,0x00000000d72551c0,0x00000000d7280000)
  to   space 5120K, 0% used [0x00000000d7280000,0x00000000d7280000,0x00000000d7780000)
 ParOldGen       total 68608K, used 17509K [0x0000000080000000, 0x0000000084300000, 0x00000000d5580000)
  object space 68608K, 25% used [0x0000000080000000,0x00000000811194e8,0x0000000084300000)
 Metaspace       used 31767K, committed 32704K, reserved 1114112K
  class space    used 3186K, committed 3584K, reserved 1048576K
}
Event: 15.269 GC heap after
{Heap after GC invocations=11 (full 1):
 PSYoungGen      total 26624K, used 3086K [0x00000000d5580000, 0x00000000d7600000, 0x0000000100000000)
  eden space 23040K, 0% used [0x00000000d5580000,0x00000000d5580000,0x00000000d6c00000)
  from space 3584K, 86% used [0x00000000d7280000,0x00000000d7583858,0x00000000d7600000)
  to   space 4096K, 0% used [0x00000000d6e00000,0x00000000d6e00000,0x00000000d7200000)
 ParOldGen       total 68608K, used 21002K [0x0000000080000000, 0x0000000084300000, 0x00000000d5580000)
  object space 68608K, 30% used [0x0000000080000000,0x0000000081482ae0,0x0000000084300000)
 Metaspace       used 31767K, committed 32704K, reserved 1114112K
  class space    used 3186K, committed 3584K, reserved 1048576K
}

