# JRE version: OpenJDK Runtime Environment Temurin-21.0.9+10 (21.0.9+10) (build 21.0.9+10-LTS)
# Java VM: OpenJDK 64-Bit Server VM Temurin-21.0.9+10 (21.0.9+10-LTS, mixed mode, sharing, tiered, compressed oops, compressed class ptrs, parallel gc, windows-amd64)
GC Precious Log:
 CardTable entry size: 512
 CPUs: 8 total, 8 available
 Memory: 16161M
 Large Page Support: Disabled
 NUMA Support: Disabled
 Compressed Oops: Enabled (32-bit)
 Alignments: Space 512K, Generation 512K, Heap 2M
 Heap Min Capacity: 100M
 Heap Initial Capacity: 100M
 Heap Max Capacity: 2G
 Pre-touch: Disabled
 Parallel Workers: 8
Heap:
 PSYoungGen      total 24576K, used 16846K [0x00000000d5580000, 0x00000000d7100000, 0x0000000100000000)
  eden space 22016K, 66% used [0x00000000d5580000,0x00000000d63c2ae0,0x00000000d6b00000)
  from space 2560K, 87% used [0x00000000d6e80000,0x00000000d70b1000,0x00000000d7100000)
  to   space 2560K, 0% used [0x00000000d6b00000,0x00000000d6b00000,0x00000000d6d80000)
 ParOldGen       total 68608K, used 30296K [0x0000000080000000, 0x0000000084300000, 0x00000000d5580000)
  object space 68608K, 44% used [0x0000000080000000,0x0000000081d960c8,0x0000000084300000)
 Metaspace       used 32138K, committed 33152K, reserved 1114112K
  class space    used 3244K, committed 3712K, reserved 1048576K
GC Heap History (20 events):
Event: 6.458 GC heap before
{Heap before GC invocations=6 (full 0):
 PSYoungGen      total 29184K, used 26986K [0x00000000d5580000, 0x00000000d7f00000, 0x0000000100000000)
  eden space 25088K, 91% used [0x00000000d5580000,0x00000000d6be04a8,0x00000000d6e00000)
  from space 4096K, 99% used [0x00000000d6e80000,0x00000000d727a570,0x00000000d7280000)
  to   space 8704K, 0% used [0x00000000d7680000,0x00000000d7680000,0x00000000d7f00000)
 ParOldGen       total 68608K, used 13301K [0x0000000080000000, 0x0000000084300000, 0x00000000d5580000)
  object space 68608K, 19% used [0x0000000080000000,0x0000000080cfd610,0x0000000084300000)
 Metaspace       used 20855K, committed 21504K, reserved 1114112K
  class space    used 2065K, committed 2368K, reserved 1048576K
}
Event: 6.470 GC heap after
{Heap after GC invocations=6 (full 0):
 PSYoungGen      total 31232K, used 5785K [0x00000000d5580000, 0x00000000d7c80000, 0x0000000100000000)
  eden space 25088K, 0% used [0x00000000d5580000,0x00000000d5580000,0x00000000d6e00000)
  from space 6144K, 94% used [0x00000000d7680000,0x00000000d7c26528,0x00000000d7c80000)
  to   space 6656K, 0% used [0x00000000d6f80000,0x00000000d6f80000,0x00000000d7600000)
 ParOldGen       total 68608K, used 13309K [0x0000000080000000, 0x0000000084300000, 0x00000000d5580000)
  object space 68608K, 19% used [0x0000000080000000,0x0000000080cff610,0x0000000084300000)
 Metaspace       used 20855K, committed 21504K, reserved 1114112K
  class space    used 2065K, committed 2368K, reserved 1048576K
}
Event: 6.470 GC heap before
{Heap before GC invocations=7 (full 1):
 PSYoungGen      total 31232K, used 5785K [0x00000000d5580000, 0x00000000d7c80000, 0x0000000100000000)
  eden space 25088K, 0% used [0x00000000d5580000,0x00000000d5580000,0x00000000d6e00000)
  from space 6144K, 94% used [0x00000000d7680000,0x00000000d7c26528,0x00000000d7c80000)
  to   space 6656K, 0% used [0x00000000d6f80000,0x00000000d6f80000,0x00000000d7600000)
 ParOldGen       total 68608K, used 13309K [0x0000000080000000, 0x0000000084300000, 0x00000000d5580000)
  object space 68608K, 19% used [0x0000000080000000,0x0000000080cff610,0x0000000084300000)
 Metaspace       used 20855K, committed 21504K, reserved 1114112K
  class space    used 2065K, committed 2368K, reserved 1048576K
}
Event: 6.517 GC heap after
{Heap after GC invocations=7 (full 1):
 PSYoungGen      total 31232K, used 0K [0x00000000d5580000, 0x00000000d7c80000, 0x0000000100000000)
  eden space 25088K, 0% used [0x00000000d5580000,0x00000000d5580000,0x00000000d6e00000)
  from space 6144K, 0% used [0x00000000d7680000,0x00000000d7680000,0x00000000d7c80000)
  to   space 6656K, 0% used [0x00000000d6f80000,0x00000000d6f80000,0x00000000d7600000)
 ParOldGen       total 68608K, used 16658K [0x0000000080000000, 0x0000000084300000, 0x00000000d5580000)
  object space 68608K, 24% used [0x0000000080000000,0x0000000081044a40,0x0000000084300000)
 Metaspace       used 20843K, committed 21504K, reserved 1114112K
  class space    used 2061K, committed 2368K, reserved 1048576K
}
Event: 6.971 GC heap before
{Heap before GC invocations=8 (full 1):
 PSYoungGen      total 31232K, used 25088K [0x00000000d5580000, 0x00000000d7c80000, 0x0000000100000000)
  eden space 25088K, 100% used [0x00000000d5580000,0x00000000d6e00000,0x00000000d6e00000)
  from space 6144K, 0% used [0x00000000d7680000,0x00000000d7680000,0x00000000d7c80000)
  to   space 6656K, 0% used [0x00000000d6f80000,0x00000000d6f80000,0x00000000d7600000)
 ParOldGen       total 68608K, used 16658K [0x0000000080000000, 0x0000000084300000, 0x00000000d5580000)
  object space 68608K, 24% used [0x0000000080000000,0x0000000081044a40,0x0000000084300000)
 Metaspace       used 23111K, committed 23872K, reserved 1114112K
  class space    used 2242K, committed 2560K, reserved 1048576K
}
Event: 6.974 GC heap after
{Heap after GC invocations=8 (full 1):
 PSYoungGen      total 27648K, used 2621K [0x00000000d5580000, 0x00000000d7700000, 0x0000000100000000)
  eden space 24576K, 0% used [0x00000000d5580000,0x00000000d5580000,0x00000000d6d80000)
  from space 3072K, 85% used [0x00000000d6f80000,0x00000000d720f470,0x00000000d7280000)
  to   space 4096K, 0% used [0x00000000d7300000,0x00000000d7300000,0x00000000d7700000)
 ParOldGen       total 68608K, used 16666K [0x0000000080000000, 0x0000000084300000, 0x00000000d5580000)
  object space 68608K, 24% used [0x0000000080000000,0x0000000081046a40,0x0000000084300000)
 Metaspace       used 23111K, committed 23872K, reserved 1114112K
  class space    used 2242K, committed 2560K, reserved 1048576K
}
Event: 7.708 GC heap before
{Heap before GC invocations=9 (full 1):
 PSYoungGen      total 27648K, used 27197K [0x00000000d5580000, 0x00000000d7700000, 0x0000000100000000)
  eden space 24576K, 100% used [0x00000000d5580000,0x00000000d6d80000,0x00000000d6d80000)
  from space 3072K, 85% used [0x00000000d6f80000,0x00000000d720f470,0x00000000d7280000)
  to   space 4096K, 0% used [0x00000000d7300000,0x00000000d7300000,0x00000000d7700000)
 ParOldGen       total 68608K, used 16666K [0x0000000080000000, 0x0000000084300000, 0x00000000d5580000)
  object space 68608K, 24% used [0x0000000080000000,0x0000000081046a40,0x0000000084300000)
 Metaspace       used 26549K, committed 27456K, reserved 1114112K
  class space    used 2618K, committed 3008K, reserved 1048576K
}
Event: 7.716 GC heap after
{Heap after GC invocations=9 (full 1):
 PSYoungGen      total 28160K, used 3709K [0x00000000d5580000, 0x00000000d7700000, 0x0000000100000000)
  eden space 24064K, 0% used [0x00000000d5580000,0x00000000d5580000,0x00000000d6d00000)
  from space 4096K, 90% used [0x00000000d7300000,0x00000000d769f4c0,0x00000000d7700000)
  to   space 4096K, 0% used [0x00000000d6f00000,0x00000000d6f00000,0x00000000d7300000)
 ParOldGen       total 68608K, used 17455K [0x0000000080000000, 0x0000000084300000, 0x00000000d5580000)
  object space 68608K, 25% used [0x0000000080000000,0x000000008110bf50,0x0000000084300000)
 Metaspace       used 26549K, committed 27456K, reserved 1114112K
  class space    used 2618K, committed 3008K, reserved 1048576K
}
Event: 16.643 GC heap before
{Heap before GC invocations=10 (full 1):
 PSYoungGen      total 28160K, used 27773K [0x00000000d5580000, 0x00000000d7700000, 0x0000000100000000)
  eden space 24064K, 100% used [0x00000000d5580000,0x00000000d6d00000,0x00000000d6d00000)
  from space 4096K, 90% used [0x00000000d7300000,0x00000000d769f4c0,0x00000000d7700000)
  to   space 4096K, 0% used [0x00000000d6f00000,0x00000000d6f00000,0x00000000d7300000)
 ParOldGen       total 68608K, used 17455K [0x0000000080000000, 0x0000000084300000, 0x00000000d5580000)
  object space 68608K, 25% used [0x0000000080000000,0x000000008110bf50,0x0000000084300000)
 Metaspace       used 29665K, committed 30464K, reserved 1114112K
  class space    used 2976K, committed 3328K, reserved 1048576K
}
Event: 16.649 GC heap after
{Heap after GC invocations=10 (full 1):
 PSYoungGen      total 27648K, used 4094K [0x00000000d5580000, 0x00000000d7680000, 0x0000000100000000)
  eden space 23552K, 0% used [0x00000000d5580000,0x00000000d5580000,0x00000000d6c80000)
  from space 4096K, 99% used [0x00000000d6f00000,0x00000000d72ffb30,0x00000000d7300000)
  to   space 3584K, 0% used [0x00000000d7300000,0x00000000d7300000,0x00000000d7680000)
 ParOldGen       total 68608K, used 18175K [0x0000000080000000, 0x0000000084300000, 0x00000000d5580000)
  object space 68608K, 26% used [0x0000000080000000,0x00000000811bff90,0x0000000084300000)
 Metaspace       used 29665K, committed 30464K, reserved 1114112K
  class space    used 2976K, committed 3328K, reserved 1048576K
}
Event: 17.891 GC heap before
{Heap before GC invocations=11 (full 1):
 PSYoungGen      total 27648K, used 27646K [0x00000000d5580000, 0x00000000d7680000, 0x0000000100000000)
  eden space 23552K, 100% used [0x00000000d5580000,0x00000000d6c80000,0x00000000d6c80000)
  from space 4096K, 99% used [0x00000000d6f00000,0x00000000d72ffb30,0x00000000d7300000)
  to   space 3584K, 0% used [0x00000000d7300000,0x00000000d7300000,0x00000000d7680000)
 ParOldGen       total 68608K, used 18175K [0x0000000080000000, 0x0000000084300000, 0x00000000d5580000)
  object space 68608K, 26% used [0x0000000080000000,0x00000000811bff90,0x0000000084300000)
 Metaspace       used 31720K, committed 32768K, reserved 1114112K
  class space    used 3187K, committed 3648K, reserved 1048576K
}
Event: 17.900 GC heap after
{Heap after GC invocations=11 (full 1):
 PSYoungGen      total 26112K, used 2990K [0x00000000d5580000, 0x00000000d7600000, 0x0000000100000000)
  eden space 23040K, 0% used [0x00000000d5580000,0x00000000d5580000,0x00000000d6c00000)
  from space 3072K, 97% used [0x00000000d7300000,0x00000000d75eb858,0x00000000d7600000)
  to   space 4096K, 0% used [0x00000000d6e00000,0x00000000d6e00000,0x00000000d7200000)
 ParOldGen       total 68608K, used 21206K [0x0000000080000000, 0x0000000084300000, 0x00000000d5580000)
  object space 68608K, 30% used [0x0000000080000000,0x00000000814b5a28,0x0000000084300000)
 Metaspace       used 31720K, committed 32768K, reserved 1114112K
  class space    used 3187K, committed 3648K, reserved 1048576K
}
Event: 18.134 GC heap before
{Heap before GC invocations=12 (full 1):
 PSYoungGen      total 26112K, used 26030K [0x00000000d5580000, 0x00000000d7600000, 0x0000000100000000)
  eden space 23040K, 100% used [0x00000000d5580000,0x00000000d6c00000,0x00000000d6c00000)
  from space 3072K, 97% used [0x00000000d7300000,0x00000000d75eb858,0x00000000d7600000)
  to   space 4096K, 0% used [0x00000000d6e00000,0x00000000d6e00000,0x00000000d7200000)
 ParOldGen       total 68608K, used 21206K [0x0000000080000000, 0x0000000084300000, 0x00000000d5580000)
  object space 68608K, 30% used [0x0000000080000000,0x00000000814b5a28,0x0000000084300000)
 Metaspace       used 31723K, committed 32768K, reserved 1114112K
  class space    used 3187K, committed 3648K, reserved 1048576K
}
Event: 18.141 GC heap after
{Heap after GC invocations=12 (full 1):
 PSYoungGen      total 25088K, used 2112K [0x00000000d5580000, 0x00000000d7380000, 0x0000000100000000)
  eden space 22528K, 0% used [0x00000000d5580000,0x00000000d5580000,0x00000000d6b80000)
  from space 2560K, 82% used [0x00000000d6e00000,0x00000000d7010010,0x00000000d7080000)
  to   space 2560K, 0% used [0x00000000d7100000,0x00000000d7100000,0x00000000d7380000)
 ParOldGen       total 68608K, used 24043K [0x0000000080000000, 0x0000000084300000, 0x00000000d5580000)
  object space 68608K, 35% used [0x0000000080000000,0x000000008177add0,0x0000000084300000)
 Metaspace       used 31723K, committed 32768K, reserved 1114112K
  class space    used 3187K, committed 3648K, reserved 1048576K
}
Event: 18.522 GC heap before
{Heap before GC invocations=13 (full 1):
 PSYoungGen      total 25088K, used 24640K [0x00000000d5580000, 0x00000000d7380000, 0x0000000100000000)
  eden space 22528K, 100% used [0x00000000d5580000,0x00000000d6b80000,0x00000000d6b80000)
  from space 2560K, 82% used [0x00000000d6e00000,0x00000000d7010010,0x00000000d7080000)
  to   space 2560K, 0% used [0x00000000d7100000,0x00000000d7100000,0x00000000d7380000)
 ParOldGen       total 68608K, used 24043K [0x0000000080000000, 0x0000000084300000, 0x00000000d5580000)
  object space 68608K, 35% used [0x0000000080000000,0x000000008177add0,0x0000000084300000)
 Metaspace       used 32094K, committed 33088K, reserved 1114112K
  class space    used 3244K, committed 3648K, reserved 1048576K
}
Event: 18.538 GC heap after
{Heap after GC invocations=13 (full 1):
 PSYoungGen      total 24576K, used 2530K [0x00000000d5580000, 0x00000000d7500000, 0x0000000100000000)
  eden space 22016K, 0% used [0x00000000d5580000,0x00000000d5580000,0x00000000d6b00000)
  from space 2560K, 98% used [0x00000000d7100000,0x00000000d7378820,0x00000000d7380000)
  to   space 5120K, 0% used [0x00000000d6b00000,0x00000000d6b00000,0x00000000d7000000)
 ParOldGen       total 68608K, used 26043K [0x0000000080000000, 0x0000000084300000, 0x00000000d5580000)
  object space 68608K, 37% used [0x0000000080000000,0x000000008196edd0,0x0000000084300000)
 Metaspace       used 32094K, committed 33088K, reserved 1114112K
  class space    used 3244K, committed 3648K, reserved 1048576K
}
Event: 18.850 GC heap before
{Heap before GC invocations=14 (full 1):
 PSYoungGen      total 24576K, used 24546K [0x00000000d5580000, 0x00000000d7500000, 0x0000000100000000)
  eden space 22016K, 100% used [0x00000000d5580000,0x00000000d6b00000,0x00000000d6b00000)
  from space 2560K, 98% used [0x00000000d7100000,0x00000000d7378820,0x00000000d7380000)
  to   space 5120K, 0% used [0x00000000d6b00000,0x00000000d6b00000,0x00000000d7000000)
 ParOldGen       total 68608K, used 26043K [0x0000000080000000, 0x0000000084300000, 0x00000000d5580000)
  object space 68608K, 37% used [0x0000000080000000,0x000000008196edd0,0x0000000084300000)
 Metaspace       used 32114K, committed 33088K, reserved 1114112K
  class space    used 3244K, committed 3648K, reserved 1048576K
}
Event: 18.855 GC heap after
{Heap after GC invocations=14 (full 1):
 PSYoungGen      total 24576K, used 2080K [0x00000000d5580000, 0x00000000d7180000, 0x0000000100000000)
  eden space 22016K, 0% used [0x00000000d5580000,0x00000000d5580000,0x00000000d6b00000)
  from space 2560K, 81% used [0x00000000d6b00000,0x00000000d6d08000,0x00000000d6d80000)
  to   space 3072K, 0% used [0x00000000d6e80000,0x00000000d6e80000,0x00000000d7180000)
 ParOldGen       total 68608K, used 28369K [0x0000000080000000, 0x0000000084300000, 0x00000000d5580000)
  object space 68608K, 41% used [0x0000000080000000,0x0000000081bb4718,0x0000000084300000)
 Metaspace       used 32114K, committed 33088K, reserved 1114112K
  class space    used 3244K, committed 3648K, reserved 1048576K
}
Event: 19.030 GC heap before
{Heap before GC invocations=15 (full 1):
 PSYoungGen      total 24576K, used 24096K [0x00000000d5580000, 0x00000000d7180000, 0x0000000100000000)
  eden space 22016K, 100% used [0x00000000d5580000,0x00000000d6b00000,0x00000000d6b00000)
  from space 2560K, 81% used [0x00000000d6b00000,0x00000000d6d08000,0x00000000d6d80000)
  to   space 3072K, 0% used [0x00000000d6e80000,0x00000000d6e80000,0x00000000d7180000)
 ParOldGen       total 68608K, used 28369K [0x0000000080000000, 0x0000000084300000, 0x00000000d5580000)
  object space 68608K, 41% used [0x0000000080000000,0x0000000081bb4718,0x0000000084300000)
 Metaspace       used 32118K, committed 33088K, reserved 1114112K
  class space    used 3244K, committed 3648K, reserved 1048576K
}
Event: 19.036 GC heap after
{Heap after GC invocations=15 (full 1):
 PSYoungGen      total 24576K, used 2244K [0x00000000d5580000, 0x00000000d7100000, 0x0000000100000000)
  eden space 22016K, 0% used [0x00000000d5580000,0x00000000d5580000,0x00000000d6b00000)
  from space 2560K, 87% used [0x00000000d6e80000,0x00000000d70b1000,0x00000000d7100000)
  to   space 2560K, 0% used [0x00000000d6b00000,0x00000000d6b00000,0x00000000d6d80000)
 ParOldGen       total 68608K, used 30296K [0x0000000080000000, 0x0000000084300000, 0x00000000d5580000)
  object space 68608K, 44% used [0x0000000080000000,0x0000000081d960c8,0x0000000084300000)
 Metaspace       used 32118K, committed 33088K, reserved 1114112K
  class space    used 3244K, committed 3648K, reserved 1048576K
}

