# JRE version: OpenJDK Runtime Environment Temurin-21.0.9+10 (21.0.9+10) (build 21.0.9+10-LTS)
# Java VM: OpenJDK 64-Bit Server VM Temurin-21.0.9+10 (21.0.9+10-LTS, mixed mode, sharing, tiered, compressed oops, compressed class ptrs, parallel gc, windows-amd64)
GC Precious Log:
 CardTable entry size: 512
 CPUs: 8 total, 8 available
 Memory: 16161M
 Large Page Support: Disabled
 NUMA Support: Disabled
 Compressed Oops: Enabled (32-bit)
 Alignments: Space 512K, Generation 512K, Heap 2M
 Heap Min Capacity: 100M
 Heap Initial Capacity: 100M
 Heap Max Capacity: 2G
 Pre-touch: Disabled
 Parallel Workers: 8
Heap:
 PSYoungGen      total 7168K, used 3680K [0x00000000d5580000, 0x00000000d5f80000, 0x0000000100000000)
  eden space 4096K, 21% used [0x00000000d5580000,0x00000000d5660000,0x00000000d5980000)
  from space 3072K, 90% used [0x00000000d5a00000,0x00000000d5cb8000,0x00000000d5d00000)
  to   space 2560K, 0% used [0x00000000d5d00000,0x00000000d5d00000,0x00000000d5f80000)
 ParOldGen       total 1158144K, used 279526K [0x0000000080000000, 0x00000000c6b00000, 0x00000000d5580000)
  object space 1158144K, 24% used [0x0000000080000000,0x00000000910f9b38,0x00000000c6b00000)
 Metaspace       used 82933K, committed 84672K, reserved 1179648K
  class space    used 8288K, committed 9088K, reserved 1048576K
GC Heap History (20 events):
Event: 1900.602 GC heap before
{Heap before GC invocations=2309 (full 5):
 PSYoungGen      total 4096K, used 3647K [0x00000000d5580000, 0x00000000d5b80000, 0x0000000100000000)
  eden space 2560K, 99% used [0x00000000d5580000,0x00000000d57fffe0,0x00000000d5800000)
  from space 1536K, 70% used [0x00000000d5800000,0x00000000d5910000,0x00000000d5980000)
  to   space 1536K, 0% used [0x00000000d5a00000,0x00000000d5a00000,0x00000000d5b80000)
 ParOldGen       total 1158144K, used 228017K [0x0000000080000000, 0x00000000c6b00000, 0x00000000d5580000)
  object space 1158144K, 19% used [0x0000000080000000,0x000000008deac5c8,0x00000000c6b00000)
 Metaspace       used 82917K, committed 84608K, reserved 1179648K
  class space    used 8288K, committed 9088K, reserved 1048576K
}
Event: 1900.604 GC heap after
{Heap after GC invocations=2309 (full 5):
 PSYoungGen      total 4096K, used 608K [0x00000000d5580000, 0x00000000d5b00000, 0x0000000100000000)
  eden space 3072K, 0% used [0x00000000d5580000,0x00000000d5580000,0x00000000d5880000)
  from space 1024K, 59% used [0x00000000d5a00000,0x00000000d5a98000,0x00000000d5b00000)
  to   space 1024K, 0% used [0x00000000d5900000,0x00000000d5900000,0x00000000d5a00000)
 ParOldGen       total 1158144K, used 228969K [0x0000000080000000, 0x00000000c6b00000, 0x00000000d5580000)
  object space 1158144K, 19% used [0x0000000080000000,0x000000008df9a5c8,0x00000000c6b00000)
 Metaspace       used 82917K, committed 84608K, reserved 1179648K
  class space    used 8288K, committed 9088K, reserved 1048576K
}
Event: 1900.611 GC heap before
{Heap before GC invocations=2310 (full 5):
 PSYoungGen      total 4096K, used 3635K [0x00000000d5580000, 0x00000000d5b00000, 0x0000000100000000)
  eden space 3072K, 98% used [0x00000000d5580000,0x00000000d5874c78,0x00000000d5880000)
  from space 1024K, 59% used [0x00000000d5a00000,0x00000000d5a98000,0x00000000d5b00000)
  to   space 1024K, 0% used [0x00000000d5900000,0x00000000d5900000,0x00000000d5a00000)
 ParOldGen       total 1158144K, used 228969K [0x0000000080000000, 0x00000000c6b00000, 0x00000000d5580000)
  object space 1158144K, 19% used [0x0000000080000000,0x000000008df9a5c8,0x00000000c6b00000)
 Metaspace       used 82917K, committed 84608K, reserved 1179648K
  class space    used 8288K, committed 9088K, reserved 1048576K
}
Event: 1900.615 GC heap after
{Heap after GC invocations=2310 (full 5):
 PSYoungGen      total 4608K, used 960K [0x00000000d5580000, 0x00000000d5c80000, 0x0000000100000000)
  eden space 3584K, 0% used [0x00000000d5580000,0x00000000d5580000,0x00000000d5900000)
  from space 1024K, 93% used [0x00000000d5900000,0x00000000d59f0000,0x00000000d5a00000)
  to   space 1536K, 0% used [0x00000000d5b00000,0x00000000d5b00000,0x00000000d5c80000)
 ParOldGen       total 1158144K, used 229481K [0x0000000080000000, 0x00000000c6b00000, 0x00000000d5580000)
  object space 1158144K, 19% used [0x0000000080000000,0x000000008e01a5c8,0x00000000c6b00000)
 Metaspace       used 82917K, committed 84608K, reserved 1179648K
  class space    used 8288K, committed 9088K, reserved 1048576K
}
Event: 1900.627 GC heap before
{Heap before GC invocations=2311 (full 5):
 PSYoungGen      total 4608K, used 3597K [0x00000000d5580000, 0x00000000d5c80000, 0x0000000100000000)
  eden space 3584K, 73% used [0x00000000d5580000,0x00000000d5813598,0x00000000d5900000)
  from space 1024K, 93% used [0x00000000d5900000,0x00000000d59f0000,0x00000000d5a00000)
  to   space 1536K, 0% used [0x00000000d5b00000,0x00000000d5b00000,0x00000000d5c80000)
 ParOldGen       total 1158144K, used 229481K [0x0000000080000000, 0x00000000c6b00000, 0x00000000d5580000)
  object space 1158144K, 19% used [0x0000000080000000,0x000000008e01a5c8,0x00000000c6b00000)
 Metaspace       used 82921K, committed 84608K, reserved 1179648K
  class space    used 8288K, committed 9088K, reserved 1048576K
}
Event: 1900.630 GC heap after
{Heap after GC invocations=2311 (full 5):
 PSYoungGen      total 5632K, used 800K [0x00000000d5580000, 0x00000000d5c00000, 0x0000000100000000)
  eden space 4608K, 0% used [0x00000000d5580000,0x00000000d5580000,0x00000000d5a00000)
  from space 1024K, 78% used [0x00000000d5b00000,0x00000000d5bc8000,0x00000000d5c00000)
  to   space 1024K, 0% used [0x00000000d5a00000,0x00000000d5a00000,0x00000000d5b00000)
 ParOldGen       total 1158144K, used 230233K [0x0000000080000000, 0x00000000c6b00000, 0x00000000d5580000)
  object space 1158144K, 19% used [0x0000000080000000,0x000000008e0d65c8,0x00000000c6b00000)
 Metaspace       used 82921K, committed 84608K, reserved 1179648K
  class space    used 8288K, committed 9088K, reserved 1048576K
}
Event: 1900.676 GC heap before
{Heap before GC invocations=2312 (full 5):
 PSYoungGen      total 5632K, used 5408K [0x00000000d5580000, 0x00000000d5c00000, 0x0000000100000000)
  eden space 4608K, 100% used [0x00000000d5580000,0x00000000d5a00000,0x00000000d5a00000)
  from space 1024K, 78% used [0x00000000d5b00000,0x00000000d5bc8000,0x00000000d5c00000)
  to   space 1024K, 0% used [0x00000000d5a00000,0x00000000d5a00000,0x00000000d5b00000)
 ParOldGen       total 1158144K, used 260953K [0x0000000080000000, 0x00000000c6b00000, 0x00000000d5580000)
  object space 1158144K, 22% used [0x0000000080000000,0x000000008fed65f8,0x00000000c6b00000)
 Metaspace       used 82925K, committed 84608K, reserved 1179648K
  class space    used 8288K, committed 9088K, reserved 1048576K
}
Event: 1900.681 GC heap after
{Heap after GC invocations=2312 (full 5):
 PSYoungGen      total 5632K, used 832K [0x00000000d5580000, 0x00000000d5c00000, 0x0000000100000000)
  eden space 4608K, 0% used [0x00000000d5580000,0x00000000d5580000,0x00000000d5a00000)
  from space 1024K, 81% used [0x00000000d5a00000,0x00000000d5ad0000,0x00000000d5b00000)
  to   space 1024K, 0% used [0x00000000d5b00000,0x00000000d5b00000,0x00000000d5c00000)
 ParOldGen       total 1158144K, used 265629K [0x0000000080000000, 0x00000000c6b00000, 0x00000000d5580000)
  object space 1158144K, 22% used [0x0000000080000000,0x0000000090367608,0x00000000c6b00000)
 Metaspace       used 82925K, committed 84608K, reserved 1179648K
  class space    used 8288K, committed 9088K, reserved 1048576K
}
Event: 1900.758 GC heap before
{Heap before GC invocations=2313 (full 5):
 PSYoungGen      total 5632K, used 5440K [0x00000000d5580000, 0x00000000d5c00000, 0x0000000100000000)
  eden space 4608K, 100% used [0x00000000d5580000,0x00000000d5a00000,0x00000000d5a00000)
  from space 1024K, 81% used [0x00000000d5a00000,0x00000000d5ad0000,0x00000000d5b00000)
  to   space 1024K, 0% used [0x00000000d5b00000,0x00000000d5b00000,0x00000000d5c00000)
 ParOldGen       total 1158144K, used 265629K [0x0000000080000000, 0x00000000c6b00000, 0x00000000d5580000)
  object space 1158144K, 22% used [0x0000000080000000,0x0000000090367608,0x00000000c6b00000)
 Metaspace       used 82933K, committed 84672K, reserved 1179648K
  class space    used 8288K, committed 9088K, reserved 1048576K
}
Event: 1900.760 GC heap after
{Heap after GC invocations=2313 (full 5):
 PSYoungGen      total 2048K, used 996K [0x00000000d5580000, 0x00000000d6300000, 0x0000000100000000)
  eden space 1024K, 0% used [0x00000000d5580000,0x00000000d5580000,0x00000000d5680000)
  from space 1024K, 97% used [0x00000000d5b00000,0x00000000d5bf9298,0x00000000d5c00000)
  to   space 4608K, 0% used [0x00000000d5680000,0x00000000d5680000,0x00000000d5b00000)
 ParOldGen       total 1158144K, used 268626K [0x0000000080000000, 0x00000000c6b00000, 0x00000000d5580000)
  object space 1158144K, 23% used [0x0000000080000000,0x00000000906548a0,0x00000000c6b00000)
 Metaspace       used 82933K, committed 84672K, reserved 1179648K
  class space    used 8288K, committed 9088K, reserved 1048576K
}
Event: 1900.764 GC heap before
{Heap before GC invocations=2314 (full 5):
 PSYoungGen      total 2048K, used 2020K [0x00000000d5580000, 0x00000000d6300000, 0x0000000100000000)
  eden space 1024K, 99% used [0x00000000d5580000,0x00000000d567ffc0,0x00000000d5680000)
  from space 1024K, 97% used [0x00000000d5b00000,0x00000000d5bf9298,0x00000000d5c00000)
  to   space 4608K, 0% used [0x00000000d5680000,0x00000000d5680000,0x00000000d5b00000)
 ParOldGen       total 1158144K, used 268626K [0x0000000080000000, 0x00000000c6b00000, 0x00000000d5580000)
  object space 1158144K, 23% used [0x0000000080000000,0x00000000906548a0,0x00000000c6b00000)
 Metaspace       used 82933K, committed 84672K, reserved 1179648K
  class space    used 8288K, committed 9088K, reserved 1048576K
}
Event: 1900.768 GC heap after
{Heap after GC invocations=2314 (full 5):
 PSYoungGen      total 2560K, used 1088K [0x00000000d5580000, 0x00000000d5c00000, 0x0000000100000000)
  eden space 1024K, 0% used [0x00000000d5580000,0x00000000d5580000,0x00000000d5680000)
  from space 1536K, 70% used [0x00000000d5680000,0x00000000d5790000,0x00000000d5800000)
  to   space 2560K, 0% used [0x00000000d5980000,0x00000000d5980000,0x00000000d5c00000)
 ParOldGen       total 1158144K, used 269654K [0x0000000080000000, 0x00000000c6b00000, 0x00000000d5580000)
  object space 1158144K, 23% used [0x0000000080000000,0x0000000090755b38,0x00000000c6b00000)
 Metaspace       used 82933K, committed 84672K, reserved 1179648K
  class space    used 8288K, committed 9088K, reserved 1048576K
}
Event: 1900.770 GC heap before
{Heap before GC invocations=2315 (full 5):
 PSYoungGen      total 2560K, used 2112K [0x00000000d5580000, 0x00000000d5c00000, 0x0000000100000000)
  eden space 1024K, 100% used [0x00000000d5580000,0x00000000d5680000,0x00000000d5680000)
  from space 1536K, 70% used [0x00000000d5680000,0x00000000d5790000,0x00000000d5800000)
  to   space 2560K, 0% used [0x00000000d5980000,0x00000000d5980000,0x00000000d5c00000)
 ParOldGen       total 1158144K, used 269654K [0x0000000080000000, 0x00000000c6b00000, 0x00000000d5580000)
  object space 1158144K, 23% used [0x0000000080000000,0x0000000090755b38,0x00000000c6b00000)
 Metaspace       used 82933K, committed 84672K, reserved 1179648K
  class space    used 8288K, committed 9088K, reserved 1048576K
}
Event: 1900.772 GC heap after
{Heap after GC invocations=2315 (full 5):
 PSYoungGen      total 3072K, used 1056K [0x00000000d5580000, 0x00000000d5b00000, 0x0000000100000000)
  eden space 1536K, 0% used [0x00000000d5580000,0x00000000d5580000,0x00000000d5700000)
  from space 1536K, 68% used [0x00000000d5980000,0x00000000d5a88000,0x00000000d5b00000)
  to   space 1536K, 0% used [0x00000000d5800000,0x00000000d5800000,0x00000000d5980000)
 ParOldGen       total 1158144K, used 270654K [0x0000000080000000, 0x00000000c6b00000, 0x00000000d5580000)
  object space 1158144K, 23% used [0x0000000080000000,0x000000009084fb38,0x00000000c6b00000)
 Metaspace       used 82933K, committed 84672K, reserved 1179648K
  class space    used 8288K, committed 9088K, reserved 1048576K
}
Event: 1900.775 GC heap before
{Heap before GC invocations=2316 (full 5):
 PSYoungGen      total 3072K, used 2592K [0x00000000d5580000, 0x00000000d5b00000, 0x0000000100000000)
  eden space 1536K, 100% used [0x00000000d5580000,0x00000000d5700000,0x00000000d5700000)
  from space 1536K, 68% used [0x00000000d5980000,0x00000000d5a88000,0x00000000d5b00000)
  to   space 1536K, 0% used [0x00000000d5800000,0x00000000d5800000,0x00000000d5980000)
 ParOldGen       total 1158144K, used 270654K [0x0000000080000000, 0x00000000c6b00000, 0x00000000d5580000)
  object space 1158144K, 23% used [0x0000000080000000,0x000000009084fb38,0x00000000c6b00000)
 Metaspace       used 82933K, committed 84672K, reserved 1179648K
  class space    used 8288K, committed 9088K, reserved 1048576K
}
Event: 1900.777 GC heap after
{Heap after GC invocations=2316 (full 5):
 PSYoungGen      total 3584K, used 1536K [0x00000000d5580000, 0x00000000d5d80000, 0x0000000100000000)
  eden space 2048K, 0% used [0x00000000d5580000,0x00000000d5580000,0x00000000d5780000)
  from space 1536K, 100% used [0x00000000d5800000,0x00000000d5980000,0x00000000d5980000)
  to   space 3072K, 0% used [0x00000000d5a80000,0x00000000d5a80000,0x00000000d5d80000)
 ParOldGen       total 1158144K, used 271718K [0x0000000080000000, 0x00000000c6b00000, 0x00000000d5580000)
  object space 1158144K, 23% used [0x0000000080000000,0x0000000090959b38,0x00000000c6b00000)
 Metaspace       used 82933K, committed 84672K, reserved 1179648K
  class space    used 8288K, committed 9088K, reserved 1048576K
}
Event: 1900.784 GC heap before
{Heap before GC invocations=2317 (full 5):
 PSYoungGen      total 3584K, used 3584K [0x00000000d5580000, 0x00000000d5d80000, 0x0000000100000000)
  eden space 2048K, 100% used [0x00000000d5580000,0x00000000d5780000,0x00000000d5780000)
  from space 1536K, 100% used [0x00000000d5800000,0x00000000d5980000,0x00000000d5980000)
  to   space 3072K, 0% used [0x00000000d5a80000,0x00000000d5a80000,0x00000000d5d80000)
 ParOldGen       total 1158144K, used 271718K [0x0000000080000000, 0x00000000c6b00000, 0x00000000d5580000)
  object space 1158144K, 23% used [0x0000000080000000,0x0000000090959b38,0x00000000c6b00000)
 Metaspace       used 82933K, committed 84672K, reserved 1179648K
  class space    used 8288K, committed 9088K, reserved 1048576K
}
Event: 1900.786 GC heap after
{Heap after GC invocations=2317 (full 5):
 PSYoungGen      total 5120K, used 2144K [0x00000000d5580000, 0x00000000d5d00000, 0x0000000100000000)
  eden space 2560K, 0% used [0x00000000d5580000,0x00000000d5580000,0x00000000d5800000)
  from space 2560K, 83% used [0x00000000d5a80000,0x00000000d5c98000,0x00000000d5d00000)
  to   space 2560K, 0% used [0x00000000d5800000,0x00000000d5800000,0x00000000d5a80000)
 ParOldGen       total 1158144K, used 273214K [0x0000000080000000, 0x00000000c6b00000, 0x00000000d5580000)
  object space 1158144K, 23% used [0x0000000080000000,0x0000000090acfb38,0x00000000c6b00000)
 Metaspace       used 82933K, committed 84672K, reserved 1179648K
  class space    used 8288K, committed 9088K, reserved 1048576K
}
Event: 1900.791 GC heap before
{Heap before GC invocations=2318 (full 5):
 PSYoungGen      total 5120K, used 4704K [0x00000000d5580000, 0x00000000d5d00000, 0x0000000100000000)
  eden space 2560K, 100% used [0x00000000d5580000,0x00000000d5800000,0x00000000d5800000)
  from space 2560K, 83% used [0x00000000d5a80000,0x00000000d5c98000,0x00000000d5d00000)
  to   space 2560K, 0% used [0x00000000d5800000,0x00000000d5800000,0x00000000d5a80000)
 ParOldGen       total 1158144K, used 273214K [0x0000000080000000, 0x00000000c6b00000, 0x00000000d5580000)
  object space 1158144K, 23% used [0x0000000080000000,0x0000000090acfb38,0x00000000c6b00000)
 Metaspace       used 82933K, committed 84672K, reserved 1179648K
  class space    used 8288K, committed 9088K, reserved 1048576K
}
Event: 1900.795 GC heap after
{Heap after GC invocations=2318 (full 5):
 PSYoungGen      total 5120K, used 2560K [0x00000000d5580000, 0x00000000d6280000, 0x0000000100000000)
  eden space 2560K, 0% used [0x00000000d5580000,0x00000000d5580000,0x00000000d5800000)
  from space 2560K, 100% used [0x00000000d5800000,0x00000000d5a80000,0x00000000d5a80000)
  to   space 5120K, 0% used [0x00000000d5d80000,0x00000000d5d80000,0x00000000d6280000)
 ParOldGen       total 1158144K, used 275310K [0x0000000080000000, 0x00000000c6b00000, 0x00000000d5580000)
  object space 1158144K, 23% used [0x0000000080000000,0x0000000090cdbb38,0x00000000c6b00000)
 Metaspace       used 82933K, committed 84672K, reserved 1179648K
  class space    used 8288K, committed 9088K, reserved 1048576K
}

