# JRE version: OpenJDK Runtime Environment Temurin-21.0.9+10 (21.0.9+10) (build 21.0.9+10-LTS)
# Java VM: OpenJDK 64-Bit Server VM Temurin-21.0.9+10 (21.0.9+10-LTS, mixed mode, sharing, tiered, compressed oops, compressed class ptrs, parallel gc, windows-amd64)
GC Precious Log:
 CardTable entry size: 512
 CPUs: 8 total, 8 available
 Memory: 16161M
 Large Page Support: Disabled
 NUMA Support: Disabled
 Compressed Oops: Enabled (32-bit)
 Alignments: Space 512K, Generation 512K, Heap 2M
 Heap Min Capacity: 100M
 Heap Initial Capacity: 100M
 Heap Max Capacity: 2G
 Pre-touch: Disabled
 Parallel Workers: 8
Heap:
 PSYoungGen      total 17920K, used 16656K [0x00000000d5580000, 0x00000000d6c00000, 0x0000000100000000)
  eden space 12800K, 99% used [0x00000000d5580000,0x00000000d61fffe0,0x00000000d6200000)
  from space 5120K, 75% used [0x00000000d6700000,0x00000000d6ac4030,0x00000000d6c00000)
  to   space 5120K, 69% used [0x00000000d6200000,0x00000000d657cce8,0x00000000d6700000)
 ParOldGen       total 820224K, used 819782K [0x0000000080000000, 0x00000000b2100000, 0x00000000d5580000)
  object space 820224K, 99% used [0x0000000080000000,0x00000000b2099bc8,0x00000000b2100000)
 Metaspace       used 98093K, committed 99776K, reserved 1179648K
  class space    used 9706K, committed 10560K, reserved 1048576K
GC Heap History (20 events):
Event: 11855.226 GC heap before
{Heap before GC invocations=5217 (full 9):
 PSYoungGen      total 11776K, used 11754K [0x00000000d5580000, 0x00000000d6580000, 0x0000000100000000)
  eden space 10752K, 100% used [0x00000000d5580000,0x00000000d6000000,0x00000000d6000000)
  from space 1024K, 97% used [0x00000000d6280000,0x00000000d637a930,0x00000000d6380000)
  to   space 2560K, 0% used [0x00000000d6000000,0x00000000d6000000,0x00000000d6280000)
 ParOldGen       total 795136K, used 795010K [0x0000000080000000, 0x00000000b0880000, 0x00000000d5580000)
  object space 795136K, 99% used [0x0000000080000000,0x00000000b0860bf0,0x00000000b0880000)
 Metaspace       used 98077K, committed 99776K, reserved 1179648K
  class space    used 9706K, committed 10560K, reserved 1048576K
}
Event: 11855.233 GC heap after
{Heap after GC invocations=5217 (full 9):
 PSYoungGen      total 13312K, used 1360K [0x00000000d5580000, 0x00000000d6680000, 0x0000000100000000)
  eden space 10752K, 0% used [0x00000000d5580000,0x00000000d5580000,0x00000000d6000000)
  from space 2560K, 53% used [0x00000000d6000000,0x00000000d6154010,0x00000000d6280000)
  to   space 2048K, 0% used [0x00000000d6480000,0x00000000d6480000,0x00000000d6680000)
 ParOldGen       total 796160K, used 795980K [0x0000000080000000, 0x00000000b0980000, 0x00000000d5580000)
  object space 796160K, 99% used [0x0000000080000000,0x00000000b09530e0,0x00000000b0980000)
 Metaspace       used 98077K, committed 99776K, reserved 1179648K
  class space    used 9706K, committed 10560K, reserved 1048576K
}
Event: 11855.275 GC heap before
{Heap before GC invocations=5218 (full 9):
 PSYoungGen      total 13312K, used 12112K [0x00000000d5580000, 0x00000000d6680000, 0x0000000100000000)
  eden space 10752K, 100% used [0x00000000d5580000,0x00000000d6000000,0x00000000d6000000)
  from space 2560K, 53% used [0x00000000d6000000,0x00000000d6154010,0x00000000d6280000)
  to   space 2048K, 0% used [0x00000000d6480000,0x00000000d6480000,0x00000000d6680000)
 ParOldGen       total 796160K, used 795980K [0x0000000080000000, 0x00000000b0980000, 0x00000000d5580000)
  object space 796160K, 99% used [0x0000000080000000,0x00000000b09530e0,0x00000000b0980000)
 Metaspace       used 98079K, committed 99776K, reserved 1179648K
  class space    used 9706K, committed 10560K, reserved 1048576K
}
Event: 11855.282 GC heap after
{Heap after GC invocations=5218 (full 9):
 PSYoungGen      total 12800K, used 1956K [0x00000000d5580000, 0x00000000d6680000, 0x0000000100000000)
  eden space 10752K, 0% used [0x00000000d5580000,0x00000000d5580000,0x00000000d6000000)
  from space 2048K, 95% used [0x00000000d6480000,0x00000000d6669230,0x00000000d6680000)
  to   space 2560K, 0% used [0x00000000d6180000,0x00000000d6180000,0x00000000d6400000)
 ParOldGen       total 797696K, used 797235K [0x0000000080000000, 0x00000000b0b00000, 0x00000000d5580000)
  object space 797696K, 99% used [0x0000000080000000,0x00000000b0a8cfe8,0x00000000b0b00000)
 Metaspace       used 98079K, committed 99776K, reserved 1179648K
  class space    used 9706K, committed 10560K, reserved 1048576K
}
Event: 11855.307 GC heap before
{Heap before GC invocations=5219 (full 9):
 PSYoungGen      total 12800K, used 12708K [0x00000000d5580000, 0x00000000d6680000, 0x0000000100000000)
  eden space 10752K, 100% used [0x00000000d5580000,0x00000000d6000000,0x00000000d6000000)
  from space 2048K, 95% used [0x00000000d6480000,0x00000000d6669230,0x00000000d6680000)
  to   space 2560K, 0% used [0x00000000d6180000,0x00000000d6180000,0x00000000d6400000)
 ParOldGen       total 797696K, used 797235K [0x0000000080000000, 0x00000000b0b00000, 0x00000000d5580000)
  object space 797696K, 99% used [0x0000000080000000,0x00000000b0a8cfe8,0x00000000b0b00000)
 Metaspace       used 98079K, committed 99776K, reserved 1179648K
  class space    used 9706K, committed 10560K, reserved 1048576K
}
Event: 11855.315 GC heap after
{Heap after GC invocations=5219 (full 9):
 PSYoungGen      total 12288K, used 1280K [0x00000000d5580000, 0x00000000d6500000, 0x0000000100000000)
  eden space 10752K, 0% used [0x00000000d5580000,0x00000000d5580000,0x00000000d6000000)
  from space 1536K, 83% used [0x00000000d6180000,0x00000000d62c0020,0x00000000d6300000)
  to   space 1536K, 0% used [0x00000000d6380000,0x00000000d6380000,0x00000000d6500000)
 ParOldGen       total 799232K, used 799096K [0x0000000080000000, 0x00000000b0c80000, 0x00000000d5580000)
  object space 799232K, 99% used [0x0000000080000000,0x00000000b0c5e328,0x00000000b0c80000)
 Metaspace       used 98079K, committed 99776K, reserved 1179648K
  class space    used 9706K, committed 10560K, reserved 1048576K
}
Event: 11855.331 GC heap before
{Heap before GC invocations=5220 (full 9):
 PSYoungGen      total 12288K, used 12032K [0x00000000d5580000, 0x00000000d6500000, 0x0000000100000000)
  eden space 10752K, 100% used [0x00000000d5580000,0x00000000d6000000,0x00000000d6000000)
  from space 1536K, 83% used [0x00000000d6180000,0x00000000d62c0020,0x00000000d6300000)
  to   space 1536K, 0% used [0x00000000d6380000,0x00000000d6380000,0x00000000d6500000)
 ParOldGen       total 799232K, used 799096K [0x0000000080000000, 0x00000000b0c80000, 0x00000000d5580000)
  object space 799232K, 99% used [0x0000000080000000,0x00000000b0c5e328,0x00000000b0c80000)
 Metaspace       used 98079K, committed 99776K, reserved 1179648K
  class space    used 9706K, committed 10560K, reserved 1048576K
}
Event: 11855.338 GC heap after
{Heap after GC invocations=5220 (full 9):
 PSYoungGen      total 14336K, used 1172K [0x00000000d5580000, 0x00000000d6580000, 0x0000000100000000)
  eden space 12800K, 0% used [0x00000000d5580000,0x00000000d5580000,0x00000000d6200000)
  from space 1536K, 76% used [0x00000000d6380000,0x00000000d64a5220,0x00000000d6500000)
  to   space 1536K, 0% used [0x00000000d6200000,0x00000000d6200000,0x00000000d6380000)
 ParOldGen       total 800256K, used 800232K [0x0000000080000000, 0x00000000b0d80000, 0x00000000d5580000)
  object space 800256K, 99% used [0x0000000080000000,0x00000000b0d7a358,0x00000000b0d80000)
 Metaspace       used 98079K, committed 99776K, reserved 1179648K
  class space    used 9706K, committed 10560K, reserved 1048576K
}
Event: 11855.353 GC heap before
{Heap before GC invocations=5221 (full 9):
 PSYoungGen      total 14336K, used 13972K [0x00000000d5580000, 0x00000000d6580000, 0x0000000100000000)
  eden space 12800K, 100% used [0x00000000d5580000,0x00000000d6200000,0x00000000d6200000)
  from space 1536K, 76% used [0x00000000d6380000,0x00000000d64a5220,0x00000000d6500000)
  to   space 1536K, 0% used [0x00000000d6200000,0x00000000d6200000,0x00000000d6380000)
 ParOldGen       total 800256K, used 800232K [0x0000000080000000, 0x00000000b0d80000, 0x00000000d5580000)
  object space 800256K, 99% used [0x0000000080000000,0x00000000b0d7a358,0x00000000b0d80000)
 Metaspace       used 98083K, committed 99776K, reserved 1179648K
  class space    used 9706K, committed 10560K, reserved 1048576K
}
Event: 11855.358 GC heap after
{Heap after GC invocations=5221 (full 9):
 PSYoungGen      total 14336K, used 1184K [0x00000000d5580000, 0x00000000d6780000, 0x0000000100000000)
  eden space 12800K, 0% used [0x00000000d5580000,0x00000000d5580000,0x00000000d6200000)
  from space 1536K, 77% used [0x00000000d6200000,0x00000000d6328040,0x00000000d6380000)
  to   space 1536K, 0% used [0x00000000d6600000,0x00000000d6600000,0x00000000d6780000)
 ParOldGen       total 801280K, used 801234K [0x0000000080000000, 0x00000000b0e80000, 0x00000000d5580000)
  object space 801280K, 99% used [0x0000000080000000,0x00000000b0e74838,0x00000000b0e80000)
 Metaspace       used 98083K, committed 99776K, reserved 1179648K
  class space    used 9706K, committed 10560K, reserved 1048576K
}
Event: 11855.384 GC heap before
{Heap before GC invocations=5222 (full 9):
 PSYoungGen      total 14336K, used 13984K [0x00000000d5580000, 0x00000000d6780000, 0x0000000100000000)
  eden space 12800K, 100% used [0x00000000d5580000,0x00000000d6200000,0x00000000d6200000)
  from space 1536K, 77% used [0x00000000d6200000,0x00000000d6328040,0x00000000d6380000)
  to   space 1536K, 0% used [0x00000000d6600000,0x00000000d6600000,0x00000000d6780000)
 ParOldGen       total 801280K, used 801234K [0x0000000080000000, 0x00000000b0e80000, 0x00000000d5580000)
  object space 801280K, 99% used [0x0000000080000000,0x00000000b0e74838,0x00000000b0e80000)
 Metaspace       used 98088K, committed 99776K, reserved 1179648K
  class space    used 9706K, committed 10560K, reserved 1048576K
}
Event: 11855.388 GC heap after
{Heap after GC invocations=5222 (full 9):
 PSYoungGen      total 14336K, used 1089K [0x00000000d5580000, 0x00000000d6780000, 0x0000000100000000)
  eden space 12800K, 0% used [0x00000000d5580000,0x00000000d5580000,0x00000000d6200000)
  from space 1536K, 70% used [0x00000000d6600000,0x00000000d6710708,0x00000000d6780000)
  to   space 1536K, 0% used [0x00000000d6200000,0x00000000d6200000,0x00000000d6380000)
 ParOldGen       total 802304K, used 802262K [0x0000000080000000, 0x00000000b0f80000, 0x00000000d5580000)
  object space 802304K, 99% used [0x0000000080000000,0x00000000b0f75ad0,0x00000000b0f80000)
 Metaspace       used 98088K, committed 99776K, reserved 1179648K
  class space    used 9706K, committed 10560K, reserved 1048576K
}
Event: 11855.418 GC heap before
{Heap before GC invocations=5223 (full 9):
 PSYoungGen      total 14336K, used 13858K [0x00000000d5580000, 0x00000000d6780000, 0x0000000100000000)
  eden space 12800K, 99% used [0x00000000d5580000,0x00000000d61f8218,0x00000000d6200000)
  from space 1536K, 70% used [0x00000000d6600000,0x00000000d6710708,0x00000000d6780000)
  to   space 1536K, 0% used [0x00000000d6200000,0x00000000d6200000,0x00000000d6380000)
 ParOldGen       total 802304K, used 802262K [0x0000000080000000, 0x00000000b0f80000, 0x00000000d5580000)
  object space 802304K, 99% used [0x0000000080000000,0x00000000b0f75ad0,0x00000000b0f80000)
 Metaspace       used 98088K, committed 99776K, reserved 1179648K
  class space    used 9706K, committed 10560K, reserved 1048576K
}
Event: 11855.424 GC heap after
{Heap after GC invocations=5223 (full 9):
 PSYoungGen      total 14336K, used 1524K [0x00000000d5580000, 0x00000000d6c00000, 0x0000000100000000)
  eden space 12800K, 0% used [0x00000000d5580000,0x00000000d5580000,0x00000000d6200000)
  from space 1536K, 99% used [0x00000000d6200000,0x00000000d637d130,0x00000000d6380000)
  to   space 5120K, 0% used [0x00000000d6700000,0x00000000d6700000,0x00000000d6c00000)
 ParOldGen       total 805376K, used 805225K [0x0000000080000000, 0x00000000b1280000, 0x00000000d5580000)
  object space 805376K, 99% used [0x0000000080000000,0x00000000b125a7b0,0x00000000b1280000)
 Metaspace       used 98088K, committed 99776K, reserved 1179648K
  class space    used 9706K, committed 10560K, reserved 1048576K
}
Event: 11855.455 GC heap before
{Heap before GC invocations=5224 (full 9):
 PSYoungGen      total 14336K, used 14324K [0x00000000d5580000, 0x00000000d6c00000, 0x0000000100000000)
  eden space 12800K, 100% used [0x00000000d5580000,0x00000000d6200000,0x00000000d6200000)
  from space 1536K, 99% used [0x00000000d6200000,0x00000000d637d130,0x00000000d6380000)
  to   space 5120K, 0% used [0x00000000d6700000,0x00000000d6700000,0x00000000d6c00000)
 ParOldGen       total 805376K, used 805225K [0x0000000080000000, 0x00000000b1280000, 0x00000000d5580000)
  object space 805376K, 99% used [0x0000000080000000,0x00000000b125a7b0,0x00000000b1280000)
 Metaspace       used 98090K, committed 99776K, reserved 1179648K
  class space    used 9706K, committed 10560K, reserved 1048576K
}
Event: 11855.464 GC heap after
{Heap after GC invocations=5224 (full 9):
 PSYoungGen      total 17920K, used 4782K [0x00000000d5580000, 0x00000000d6c00000, 0x0000000100000000)
  eden space 12800K, 0% used [0x00000000d5580000,0x00000000d5580000,0x00000000d6200000)
  from space 5120K, 93% used [0x00000000d6700000,0x00000000d6babb48,0x00000000d6c00000)
  to   space 5120K, 0% used [0x00000000d6200000,0x00000000d6200000,0x00000000d6700000)
 ParOldGen       total 807424K, used 806705K [0x0000000080000000, 0x00000000b1480000, 0x00000000d5580000)
  object space 807424K, 99% used [0x0000000080000000,0x00000000b13cc588,0x00000000b1480000)
 Metaspace       used 98090K, committed 99776K, reserved 1179648K
  class space    used 9706K, committed 10560K, reserved 1048576K
}
Event: 11855.493 GC heap before
{Heap before GC invocations=5225 (full 9):
 PSYoungGen      total 17920K, used 17582K [0x00000000d5580000, 0x00000000d6c00000, 0x0000000100000000)
  eden space 12800K, 100% used [0x00000000d5580000,0x00000000d6200000,0x00000000d6200000)
  from space 5120K, 93% used [0x00000000d6700000,0x00000000d6babb48,0x00000000d6c00000)
  to   space 5120K, 0% used [0x00000000d6200000,0x00000000d6200000,0x00000000d6700000)
 ParOldGen       total 807424K, used 806705K [0x0000000080000000, 0x00000000b1480000, 0x00000000d5580000)
  object space 807424K, 99% used [0x0000000080000000,0x00000000b13cc588,0x00000000b1480000)
 Metaspace       used 98090K, committed 99776K, reserved 1179648K
  class space    used 9706K, committed 10560K, reserved 1048576K
}
Event: 11855.506 GC heap after
{Heap after GC invocations=5225 (full 9):
 PSYoungGen      total 17920K, used 5104K [0x00000000d5580000, 0x00000000d6c00000, 0x0000000100000000)
  eden space 12800K, 0% used [0x00000000d5580000,0x00000000d5580000,0x00000000d6200000)
  from space 5120K, 99% used [0x00000000d6200000,0x00000000d66fc030,0x00000000d6700000)
  to   space 5120K, 0% used [0x00000000d6700000,0x00000000d6700000,0x00000000d6c00000)
 ParOldGen       total 811520K, used 811438K [0x0000000080000000, 0x00000000b1880000, 0x00000000d5580000)
  object space 811520K, 99% used [0x0000000080000000,0x00000000b186bb90,0x00000000b1880000)
 Metaspace       used 98090K, committed 99776K, reserved 1179648K
  class space    used 9706K, committed 10560K, reserved 1048576K
}
Event: 11855.532 GC heap before
{Heap before GC invocations=5226 (full 9):
 PSYoungGen      total 17920K, used 17904K [0x00000000d5580000, 0x00000000d6c00000, 0x0000000100000000)
  eden space 12800K, 100% used [0x00000000d5580000,0x00000000d6200000,0x00000000d6200000)
  from space 5120K, 99% used [0x00000000d6200000,0x00000000d66fc030,0x00000000d6700000)
  to   space 5120K, 0% used [0x00000000d6700000,0x00000000d6700000,0x00000000d6c00000)
 ParOldGen       total 811520K, used 811438K [0x0000000080000000, 0x00000000b1880000, 0x00000000d5580000)
  object space 811520K, 99% used [0x0000000080000000,0x00000000b186bb90,0x00000000b1880000)
 Metaspace       used 98090K, committed 99776K, reserved 1179648K
  class space    used 9706K, committed 10560K, reserved 1048576K
}
Event: 11855.543 GC heap after
{Heap after GC invocations=5226 (full 9):
 PSYoungGen      total 17920K, used 3856K [0x00000000d5580000, 0x00000000d6c00000, 0x0000000100000000)
  eden space 12800K, 0% used [0x00000000d5580000,0x00000000d5580000,0x00000000d6200000)
  from space 5120K, 75% used [0x00000000d6700000,0x00000000d6ac4030,0x00000000d6c00000)
  to   space 5120K, 0% used [0x00000000d6200000,0x00000000d6200000,0x00000000d6700000)
 ParOldGen       total 816640K, used 816545K [0x0000000080000000, 0x00000000b1d80000, 0x00000000d5580000)
  object space 816640K, 99% used [0x0000000080000000,0x00000000b1d68430,0x00000000b1d80000)
 Metaspace       used 98090K, committed 99776K, reserved 1179648K
  class space    used 9706K, committed 10560K, reserved 1048576K
}

